This is pdfTeX, Version 3.14159265-2.6-1.40.16 (TeX Live 2015/Debian) (preloaded format=pdflatex 2016.9.30)  10 AUG 2017 03:22
entering extended mode
 restricted \write18 enabled.
 %&-line parsing enabled.
**DoesTheBlueBirdGetTheFlu_V2.tex
(./DoesTheBlueBirdGetTheFlu_V2.tex
LaTeX2e <2016/02/01>
Babel <3.9q> and hyphenation patterns for 3 language(s) loaded.
(/usr/share/texlive/texmf-dist/tex/latex/base/report.cls
Document Class: report 2014/09/29 v1.4h Standard LaTeX document class
(/usr/share/texlive/texmf-dist/tex/latex/base/size11.clo
File: size11.clo 2014/09/29 v1.4h Standard LaTeX file (size option)
)
\c@part=\count79
\c@chapter=\count80
\c@section=\count81
\c@subsection=\count82
\c@subsubsection=\count83
\c@paragraph=\count84
\c@subparagraph=\count85
\c@figure=\count86
\c@table=\count87
\abovecaptionskip=\skip41
\belowcaptionskip=\skip42
\bibindent=\dimen102
)
(/usr/share/texlive/texmf-dist/tex/latex/graphics/graphicx.sty
Package: graphicx 2014/10/28 v1.0g Enhanced LaTeX Graphics (DPC,SPQR)

(/usr/share/texlive/texmf-dist/tex/latex/graphics/keyval.sty
Package: keyval 2014/10/28 v1.15 key=value parser (DPC)
\KV@toks@=\toks14
)
(/usr/share/texlive/texmf-dist/tex/latex/graphics/graphics.sty
Package: graphics 2016/01/03 v1.0q Standard LaTeX Graphics (DPC,SPQR)

(/usr/share/texlive/texmf-dist/tex/latex/graphics/trig.sty
Package: trig 2016/01/03 v1.10 sin cos tan (DPC)
)
(/usr/share/texlive/texmf-dist/tex/latex/latexconfig/graphics.cfg
File: graphics.cfg 2010/04/23 v1.9 graphics configuration of TeX Live
)
Package graphics Info: Driver file: pdftex.def on input line 95.

(/usr/share/texlive/texmf-dist/tex/latex/pdftex-def/pdftex.def
File: pdftex.def 2011/05/27 v0.06d Graphics/color for pdfTeX

(/usr/share/texlive/texmf-dist/tex/generic/oberdiek/infwarerr.sty
Package: infwarerr 2010/04/08 v1.3 Providing info/warning/error messages (HO)
)
(/usr/share/texlive/texmf-dist/tex/generic/oberdiek/ltxcmds.sty
Package: ltxcmds 2011/11/09 v1.22 LaTeX kernel commands for general use (HO)
)
\Gread@gobject=\count88
))
\Gin@req@height=\dimen103
\Gin@req@width=\dimen104
)
(/usr/share/texlive/texmf-dist/tex/latex/graphics/color.sty
Package: color 2016/01/03 v1.1b Standard LaTeX Color (DPC)

(/usr/share/texlive/texmf-dist/tex/latex/latexconfig/color.cfg
File: color.cfg 2007/01/18 v1.5 color configuration of teTeX/TeXLive
)
Package color Info: Driver file: pdftex.def on input line 143.
)
(/usr/share/texlive/texmf-dist/tex/latex/framed/framed.sty
Package: framed 2011/10/22 v 0.96: framed or shaded text with page breaks
\OuterFrameSep=\skip43
\fb@frw=\dimen105
\fb@frh=\dimen106
\FrameRule=\dimen107
\FrameSep=\dimen108
)
(/usr/share/texlive/texmf-dist/tex/latex/base/alltt.sty
Package: alltt 1997/06/16 v2.0g defines alltt environment
)
(/usr/share/texlive/texmf-dist/tex/latex/tools/verbatim.sty
Package: verbatim 2014/10/28 v1.5q LaTeX2e package for verbatim enhancements
\every@verbatim=\toks15
\verbatim@line=\toks16
\verbatim@in@stream=\read1
)
(/usr/share/texlive/texmf-dist/tex/latex/geometry/geometry.sty
Package: geometry 2010/09/12 v5.6 Page Geometry

(/usr/share/texlive/texmf-dist/tex/generic/oberdiek/ifpdf.sty
Package: ifpdf 2011/01/30 v2.3 Provides the ifpdf switch (HO)
Package ifpdf Info: pdfTeX in PDF mode is detected.
)
(/usr/share/texlive/texmf-dist/tex/generic/oberdiek/ifvtex.sty
Package: ifvtex 2010/03/01 v1.5 Detect VTeX and its facilities (HO)
Package ifvtex Info: VTeX not detected.
)
(/usr/share/texlive/texmf-dist/tex/generic/ifxetex/ifxetex.sty
Package: ifxetex 2010/09/12 v0.6 Provides ifxetex conditional
)
\Gm@cnth=\count89
\Gm@cntv=\count90
\c@Gm@tempcnt=\count91
\Gm@bindingoffset=\dimen109
\Gm@wd@mp=\dimen110
\Gm@odd@mp=\dimen111
\Gm@even@mp=\dimen112
\Gm@layoutwidth=\dimen113
\Gm@layoutheight=\dimen114
\Gm@layouthoffset=\dimen115
\Gm@layoutvoffset=\dimen116
\Gm@dimlist=\toks17
)
(/usr/share/texlive/texmf-dist/tex/latex/url/url.sty
\Urlmuskip=\muskip10
Package: url 2013/09/16  ver 3.4  Verb mode for urls, etc.
)
(/usr/share/texlive/texmf-dist/tex/latex/hyperref/hyperref.sty
Package: hyperref 2012/11/06 v6.83m Hypertext links for LaTeX

(/usr/share/texlive/texmf-dist/tex/generic/oberdiek/hobsub-hyperref.sty
Package: hobsub-hyperref 2012/05/28 v1.13 Bundle oberdiek, subset hyperref (HO)


(/usr/share/texlive/texmf-dist/tex/generic/oberdiek/hobsub-generic.sty
Package: hobsub-generic 2012/05/28 v1.13 Bundle oberdiek, subset generic (HO)
Package: hobsub 2012/05/28 v1.13 Construct package bundles (HO)
Package hobsub Info: Skipping package `infwarerr' (already loaded).
Package hobsub Info: Skipping package `ltxcmds' (already loaded).
Package: ifluatex 2010/03/01 v1.3 Provides the ifluatex switch (HO)
Package ifluatex Info: LuaTeX not detected.
Package hobsub Info: Skipping package `ifvtex' (already loaded).
Package: intcalc 2007/09/27 v1.1 Expandable calculations with integers (HO)
Package hobsub Info: Skipping package `ifpdf' (already loaded).
Package: etexcmds 2011/02/16 v1.5 Avoid name clashes with e-TeX commands (HO)
Package etexcmds Info: Could not find \expanded.
(etexcmds)             That can mean that you are not using pdfTeX 1.50 or
(etexcmds)             that some package has redefined \expanded.
(etexcmds)             In the latter case, load this package earlier.
Package: kvsetkeys 2012/04/25 v1.16 Key value parser (HO)
Package: kvdefinekeys 2011/04/07 v1.3 Define keys (HO)
Package: pdftexcmds 2011/11/29 v0.20 Utility functions of pdfTeX for LuaTeX (HO
)
Package pdftexcmds Info: LuaTeX not detected.
Package pdftexcmds Info: \pdf@primitive is available.
Package pdftexcmds Info: \pdf@ifprimitive is available.
Package pdftexcmds Info: \pdfdraftmode found.
Package: pdfescape 2011/11/25 v1.13 Implements pdfTeX's escape features (HO)
Package: bigintcalc 2012/04/08 v1.3 Expandable calculations on big integers (HO
)
Package: bitset 2011/01/30 v1.1 Handle bit-vector datatype (HO)
Package: uniquecounter 2011/01/30 v1.2 Provide unlimited unique counter (HO)
)
Package hobsub Info: Skipping package `hobsub' (already loaded).
Package: letltxmacro 2010/09/02 v1.4 Let assignment for LaTeX macros (HO)
Package: hopatch 2012/05/28 v1.2 Wrapper for package hooks (HO)
Package: xcolor-patch 2011/01/30 xcolor patch
Package: atveryend 2011/06/30 v1.8 Hooks at the very end of document (HO)
Package atveryend Info: \enddocument detected (standard20110627).
Package: atbegshi 2011/10/05 v1.16 At begin shipout hook (HO)
Package: refcount 2011/10/16 v3.4 Data extraction from label references (HO)
Package: hycolor 2011/01/30 v1.7 Color options for hyperref/bookmark (HO)
)
(/usr/share/texlive/texmf-dist/tex/latex/oberdiek/auxhook.sty
Package: auxhook 2011/03/04 v1.3 Hooks for auxiliary files (HO)
)
(/usr/share/texlive/texmf-dist/tex/latex/oberdiek/kvoptions.sty
Package: kvoptions 2011/06/30 v3.11 Key value format for package options (HO)
)
\@linkdim=\dimen117
\Hy@linkcounter=\count92
\Hy@pagecounter=\count93

(/usr/share/texlive/texmf-dist/tex/latex/hyperref/pd1enc.def
File: pd1enc.def 2012/11/06 v6.83m Hyperref: PDFDocEncoding definition (HO)
)
\Hy@SavedSpaceFactor=\count94

(/usr/share/texlive/texmf-dist/tex/latex/latexconfig/hyperref.cfg
File: hyperref.cfg 2002/06/06 v1.2 hyperref configuration of TeXLive
)
Package hyperref Info: Hyper figures OFF on input line 4443.
Package hyperref Info: Link nesting OFF on input line 4448.
Package hyperref Info: Hyper index ON on input line 4451.
Package hyperref Info: Plain pages OFF on input line 4458.
Package hyperref Info: Backreferencing OFF on input line 4463.
Package hyperref Info: Implicit mode ON; LaTeX internals redefined.
Package hyperref Info: Bookmarks ON on input line 4688.
\c@Hy@tempcnt=\count95
LaTeX Info: Redefining \url on input line 5041.
\XeTeXLinkMargin=\dimen118
\Fld@menulength=\count96
\Field@Width=\dimen119
\Fld@charsize=\dimen120
Package hyperref Info: Hyper figures OFF on input line 6295.
Package hyperref Info: Link nesting OFF on input line 6300.
Package hyperref Info: Hyper index ON on input line 6303.
Package hyperref Info: backreferencing OFF on input line 6310.
Package hyperref Info: Link coloring OFF on input line 6315.
Package hyperref Info: Link coloring with OCG OFF on input line 6320.
Package hyperref Info: PDF/A mode OFF on input line 6325.
LaTeX Info: Redefining \ref on input line 6365.
LaTeX Info: Redefining \pageref on input line 6369.
\Hy@abspage=\count97
\c@Item=\count98
\c@Hfootnote=\count99
)

Package hyperref Message: Driver (autodetected): hpdftex.

(/usr/share/texlive/texmf-dist/tex/latex/hyperref/hpdftex.def
File: hpdftex.def 2012/11/06 v6.83m Hyperref driver for pdfTeX
\Fld@listcount=\count100
\c@bookmark@seq@number=\count101

(/usr/share/texlive/texmf-dist/tex/latex/oberdiek/rerunfilecheck.sty
Package: rerunfilecheck 2011/04/15 v1.7 Rerun checks for auxiliary files (HO)
Package uniquecounter Info: New unique counter `rerunfilecheck' on input line 2
82.
)
\Hy@SectionHShift=\skip44
)
(/usr/share/texlive/texmf-dist/tex/latex/fancyhdr/fancyhdr.sty
\fancy@headwidth=\skip45
\f@ncyO@elh=\skip46
\f@ncyO@erh=\skip47
\f@ncyO@olh=\skip48
\f@ncyO@orh=\skip49
\f@ncyO@elf=\skip50
\f@ncyO@erf=\skip51
\f@ncyO@olf=\skip52
\f@ncyO@orf=\skip53
)
(/usr/share/texlive/texmf-dist/tex/latex/amsmath/amsmath.sty
Package: amsmath 2016/03/03 v2.15a AMS math features
\@mathmargin=\skip54

For additional information on amsmath, use the `?' option.
(/usr/share/texlive/texmf-dist/tex/latex/amsmath/amstext.sty
Package: amstext 2000/06/29 v2.01 AMS text

(/usr/share/texlive/texmf-dist/tex/latex/amsmath/amsgen.sty
File: amsgen.sty 1999/11/30 v2.0 generic functions
\@emptytoks=\toks18
\ex@=\dimen121
))
(/usr/share/texlive/texmf-dist/tex/latex/amsmath/amsbsy.sty
Package: amsbsy 1999/11/29 v1.2d Bold Symbols
\pmbraise@=\dimen122
)
(/usr/share/texlive/texmf-dist/tex/latex/amsmath/amsopn.sty
Package: amsopn 1999/12/14 v2.01 operator names
)
\inf@bad=\count102
LaTeX Info: Redefining \frac on input line 199.
\uproot@=\count103
\leftroot@=\count104
LaTeX Info: Redefining \overline on input line 297.
\classnum@=\count105
\DOTSCASE@=\count106
LaTeX Info: Redefining \ldots on input line 394.
LaTeX Info: Redefining \dots on input line 397.
LaTeX Info: Redefining \cdots on input line 518.
\Mathstrutbox@=\box26
\strutbox@=\box27
\big@size=\dimen123
LaTeX Font Info:    Redeclaring font encoding OML on input line 630.
LaTeX Font Info:    Redeclaring font encoding OMS on input line 631.
\macc@depth=\count107
\c@MaxMatrixCols=\count108
\dotsspace@=\muskip11
\c@parentequation=\count109
\dspbrk@lvl=\count110
\tag@help=\toks19
\row@=\count111
\column@=\count112
\maxfields@=\count113
\andhelp@=\toks20
\eqnshift@=\dimen124
\alignsep@=\dimen125
\tagshift@=\dimen126
\tagwidth@=\dimen127
\totwidth@=\dimen128
\lineht@=\dimen129
\@envbody=\toks21
\multlinegap=\skip55
\multlinetaggap=\skip56
\mathdisplay@stack=\toks22
LaTeX Info: Redefining \[ on input line 2735.
LaTeX Info: Redefining \] on input line 2736.
)
(/usr/share/texlive/texmf-dist/tex/latex/amsfonts/amssymb.sty
Package: amssymb 2013/01/14 v3.01 AMS font symbols

(/usr/share/texlive/texmf-dist/tex/latex/amsfonts/amsfonts.sty
Package: amsfonts 2013/01/14 v3.01 Basic AMSFonts support
\symAMSa=\mathgroup4
\symAMSb=\mathgroup5
LaTeX Font Info:    Overwriting math alphabet `\mathfrak' in version `bold'
(Font)                  U/euf/m/n --> U/euf/b/n on input line 106.
))
(/usr/share/texlive/texmf-dist/tex/latex/amscls/amsthm.sty
Package: amsthm 2015/03/04 v2.20.2
\thm@style=\toks23
\thm@bodyfont=\toks24
\thm@headfont=\toks25
\thm@notefont=\toks26
\thm@headpunct=\toks27
\thm@preskip=\skip57
\thm@postskip=\skip58
\thm@headsep=\skip59
\dth@everypar=\toks28
)
(/usr/share/texlive/texmf-dist/tex/latex/multirow/multirow.sty
\bigstrutjot=\dimen130
)
(/usr/share/texlive/texmf-dist/tex/latex/colortbl/colortbl.sty
Package: colortbl 2012/02/13 v1.0a Color table columns (DPC)

(/usr/share/texlive/texmf-dist/tex/latex/tools/array.sty
Package: array 2014/10/28 v2.4c Tabular extension package (FMi)
\col@sep=\dimen131
\extrarowheight=\dimen132
\NC@list=\toks29
\extratabsurround=\skip60
\backup@length=\skip61
)
\everycr=\toks30
\minrowclearance=\skip62
)
(/usr/share/texlive/texmf-dist/tex/latex/tools/longtable.sty
Package: longtable 2014/10/28 v4.11 Multi-page Table package (DPC)
\LTleft=\skip63
\LTright=\skip64
\LTpre=\skip65
\LTpost=\skip66
\LTchunksize=\count114
\LTcapwidth=\dimen133
\LT@head=\box28
\LT@firsthead=\box29
\LT@foot=\box30
\LT@lastfoot=\box31
\LT@cols=\count115
\LT@rows=\count116
\c@LT@tables=\count117
\c@LT@chunks=\count118
\LT@p@ftn=\toks31
)
(/usr/share/texlive/texmf-dist/tex/latex/graphics/lscape.sty
Package: lscape 2000/10/22 v3.01 Landscape Pages (DPC)
)
(/usr/share/texlive/texmf-dist/tex/latex/caption/subcaption.sty
Package: subcaption 2016/02/20 v1.1-142 Sub-captions (AR)

(/usr/share/texlive/texmf-dist/tex/latex/caption/caption.sty
Package: caption 2016/02/21 v3.3-144 Customizing captions (AR)

(/usr/share/texlive/texmf-dist/tex/latex/caption/caption3.sty
Package: caption3 2016/02/04 v1.7-139 caption3 kernel (AR)
Package caption3 Info: TeX engine: e-TeX on input line 67.
\captionmargin=\dimen134
\captionmargin@=\dimen135
\captionwidth=\dimen136
\caption@tempdima=\dimen137
\caption@indent=\dimen138
\caption@parindent=\dimen139
\caption@hangindent=\dimen140
)
\c@ContinuedFloat=\count119
Package caption Info: hyperref package is loaded.
Package caption Info: longtable package is loaded.

(/usr/share/texlive/texmf-dist/tex/latex/caption/ltcaption.sty
Package: ltcaption 2013/06/09 v1.4-94 longtable captions (AR)
))
\c@subfigure=\count120
\c@subtable=\count121
)
(/usr/share/texlive/texmf-dist/tex/latex/natbib/natbib.sty
Package: natbib 2010/09/13 8.31b (PWD, AO)
\bibhang=\skip67
\bibsep=\skip68
LaTeX Info: Redefining \cite on input line 694.
\c@NAT@ctr=\count122
)
(/usr/share/texlive/texmf-dist/tex/latex/multibib/multibib.sty
Package: multibib 2008/12/10 v1.4 Multiple bibliographies for one document.
\mb@biblabelwidth=\count123
)
\@auxoutpackages=\write3
 (./packages.aux)
\openout3 = `packages.aux'.

 (/usr/share/texlive/texmf-dist/tex/latex/tools/xspace.sty
Package: xspace 2014/10/28 v1.13 Space after command names (DPC,MH)
)
(/usr/share/texlive/texmf-dist/tex/latex/float/float.sty
Package: float 2001/11/08 v1.3d Float enhancements (AL)
\c@float@type=\count124
\float@exts=\toks32
\float@box=\box32
\@float@everytoks=\toks33
\@floatcapt=\box33
)
(/usr/share/texlive/texmf-dist/tex/latex/base/inputenc.sty
Package: inputenc 2015/03/17 v1.2c Input encoding file
\inpenc@prehook=\toks34
\inpenc@posthook=\toks35

(/usr/share/texlive/texmf-dist/tex/latex/base/utf8.def
File: utf8.def 2015/12/03 v1.1r UTF-8 support for inputenc
Now handling font encoding OML ...
... no UTF-8 mapping file for font encoding OML
Now handling font encoding T1 ...
... processing UTF-8 mapping file for font encoding T1

(/usr/share/texlive/texmf-dist/tex/latex/base/t1enc.dfu
File: t1enc.dfu 2015/12/03 v1.1r UTF-8 support for inputenc
   defining Unicode char U+00A0 (decimal 160)
   defining Unicode char U+00A1 (decimal 161)
   defining Unicode char U+00A3 (decimal 163)
   defining Unicode char U+00AB (decimal 171)
   defining Unicode char U+00AD (decimal 173)
   defining Unicode char U+00BB (decimal 187)
   defining Unicode char U+00BF (decimal 191)
   defining Unicode char U+00C0 (decimal 192)
   defining Unicode char U+00C1 (decimal 193)
   defining Unicode char U+00C2 (decimal 194)
   defining Unicode char U+00C3 (decimal 195)
   defining Unicode char U+00C4 (decimal 196)
   defining Unicode char U+00C5 (decimal 197)
   defining Unicode char U+00C6 (decimal 198)
   defining Unicode char U+00C7 (decimal 199)
   defining Unicode char U+00C8 (decimal 200)
   defining Unicode char U+00C9 (decimal 201)
   defining Unicode char U+00CA (decimal 202)
   defining Unicode char U+00CB (decimal 203)
   defining Unicode char U+00CC (decimal 204)
   defining Unicode char U+00CD (decimal 205)
   defining Unicode char U+00CE (decimal 206)
   defining Unicode char U+00CF (decimal 207)
   defining Unicode char U+00D0 (decimal 208)
   defining Unicode char U+00D1 (decimal 209)
   defining Unicode char U+00D2 (decimal 210)
   defining Unicode char U+00D3 (decimal 211)
   defining Unicode char U+00D4 (decimal 212)
   defining Unicode char U+00D5 (decimal 213)
   defining Unicode char U+00D6 (decimal 214)
   defining Unicode char U+00D8 (decimal 216)
   defining Unicode char U+00D9 (decimal 217)
   defining Unicode char U+00DA (decimal 218)
   defining Unicode char U+00DB (decimal 219)
   defining Unicode char U+00DC (decimal 220)
   defining Unicode char U+00DD (decimal 221)
   defining Unicode char U+00DE (decimal 222)
   defining Unicode char U+00DF (decimal 223)
   defining Unicode char U+00E0 (decimal 224)
   defining Unicode char U+00E1 (decimal 225)
   defining Unicode char U+00E2 (decimal 226)
   defining Unicode char U+00E3 (decimal 227)
   defining Unicode char U+00E4 (decimal 228)
   defining Unicode char U+00E5 (decimal 229)
   defining Unicode char U+00E6 (decimal 230)
   defining Unicode char U+00E7 (decimal 231)
   defining Unicode char U+00E8 (decimal 232)
   defining Unicode char U+00E9 (decimal 233)
   defining Unicode char U+00EA (decimal 234)
   defining Unicode char U+00EB (decimal 235)
   defining Unicode char U+00EC (decimal 236)
   defining Unicode char U+00ED (decimal 237)
   defining Unicode char U+00EE (decimal 238)
   defining Unicode char U+00EF (decimal 239)
   defining Unicode char U+00F0 (decimal 240)
   defining Unicode char U+00F1 (decimal 241)
   defining Unicode char U+00F2 (decimal 242)
   defining Unicode char U+00F3 (decimal 243)
   defining Unicode char U+00F4 (decimal 244)
   defining Unicode char U+00F5 (decimal 245)
   defining Unicode char U+00F6 (decimal 246)
   defining Unicode char U+00F8 (decimal 248)
   defining Unicode char U+00F9 (decimal 249)
   defining Unicode char U+00FA (decimal 250)
   defining Unicode char U+00FB (decimal 251)
   defining Unicode char U+00FC (decimal 252)
   defining Unicode char U+00FD (decimal 253)
   defining Unicode char U+00FE (decimal 254)
   defining Unicode char U+00FF (decimal 255)
   defining Unicode char U+0100 (decimal 256)
   defining Unicode char U+0101 (decimal 257)
   defining Unicode char U+0102 (decimal 258)
   defining Unicode char U+0103 (decimal 259)
   defining Unicode char U+0104 (decimal 260)
   defining Unicode char U+0105 (decimal 261)
   defining Unicode char U+0106 (decimal 262)
   defining Unicode char U+0107 (decimal 263)
   defining Unicode char U+0108 (decimal 264)
   defining Unicode char U+0109 (decimal 265)
   defining Unicode char U+010A (decimal 266)
   defining Unicode char U+010B (decimal 267)
   defining Unicode char U+010C (decimal 268)
   defining Unicode char U+010D (decimal 269)
   defining Unicode char U+010E (decimal 270)
   defining Unicode char U+010F (decimal 271)
   defining Unicode char U+0110 (decimal 272)
   defining Unicode char U+0111 (decimal 273)
   defining Unicode char U+0112 (decimal 274)
   defining Unicode char U+0113 (decimal 275)
   defining Unicode char U+0114 (decimal 276)
   defining Unicode char U+0115 (decimal 277)
   defining Unicode char U+0116 (decimal 278)
   defining Unicode char U+0117 (decimal 279)
   defining Unicode char U+0118 (decimal 280)
   defining Unicode char U+0119 (decimal 281)
   defining Unicode char U+011A (decimal 282)
   defining Unicode char U+011B (decimal 283)
   defining Unicode char U+011C (decimal 284)
   defining Unicode char U+011D (decimal 285)
   defining Unicode char U+011E (decimal 286)
   defining Unicode char U+011F (decimal 287)
   defining Unicode char U+0120 (decimal 288)
   defining Unicode char U+0121 (decimal 289)
   defining Unicode char U+0122 (decimal 290)
   defining Unicode char U+0123 (decimal 291)
   defining Unicode char U+0124 (decimal 292)
   defining Unicode char U+0125 (decimal 293)
   defining Unicode char U+0128 (decimal 296)
   defining Unicode char U+0129 (decimal 297)
   defining Unicode char U+012A (decimal 298)
   defining Unicode char U+012B (decimal 299)
   defining Unicode char U+012C (decimal 300)
   defining Unicode char U+012D (decimal 301)
   defining Unicode char U+012E (decimal 302)
   defining Unicode char U+012F (decimal 303)
   defining Unicode char U+0130 (decimal 304)
   defining Unicode char U+0131 (decimal 305)
   defining Unicode char U+0132 (decimal 306)
   defining Unicode char U+0133 (decimal 307)
   defining Unicode char U+0134 (decimal 308)
   defining Unicode char U+0135 (decimal 309)
   defining Unicode char U+0136 (decimal 310)
   defining Unicode char U+0137 (decimal 311)
   defining Unicode char U+0139 (decimal 313)
   defining Unicode char U+013A (decimal 314)
   defining Unicode char U+013B (decimal 315)
   defining Unicode char U+013C (decimal 316)
   defining Unicode char U+013D (decimal 317)
   defining Unicode char U+013E (decimal 318)
   defining Unicode char U+0141 (decimal 321)
   defining Unicode char U+0142 (decimal 322)
   defining Unicode char U+0143 (decimal 323)
   defining Unicode char U+0144 (decimal 324)
   defining Unicode char U+0145 (decimal 325)
   defining Unicode char U+0146 (decimal 326)
   defining Unicode char U+0147 (decimal 327)
   defining Unicode char U+0148 (decimal 328)
   defining Unicode char U+014A (decimal 330)
   defining Unicode char U+014B (decimal 331)
   defining Unicode char U+014C (decimal 332)
   defining Unicode char U+014D (decimal 333)
   defining Unicode char U+014E (decimal 334)
   defining Unicode char U+014F (decimal 335)
   defining Unicode char U+0150 (decimal 336)
   defining Unicode char U+0151 (decimal 337)
   defining Unicode char U+0152 (decimal 338)
   defining Unicode char U+0153 (decimal 339)
   defining Unicode char U+0154 (decimal 340)
   defining Unicode char U+0155 (decimal 341)
   defining Unicode char U+0156 (decimal 342)
   defining Unicode char U+0157 (decimal 343)
   defining Unicode char U+0158 (decimal 344)
   defining Unicode char U+0159 (decimal 345)
   defining Unicode char U+015A (decimal 346)
   defining Unicode char U+015B (decimal 347)
   defining Unicode char U+015C (decimal 348)
   defining Unicode char U+015D (decimal 349)
   defining Unicode char U+015E (decimal 350)
   defining Unicode char U+015F (decimal 351)
   defining Unicode char U+0160 (decimal 352)
   defining Unicode char U+0161 (decimal 353)
   defining Unicode char U+0162 (decimal 354)
   defining Unicode char U+0163 (decimal 355)
   defining Unicode char U+0164 (decimal 356)
   defining Unicode char U+0165 (decimal 357)
   defining Unicode char U+0168 (decimal 360)
   defining Unicode char U+0169 (decimal 361)
   defining Unicode char U+016A (decimal 362)
   defining Unicode char U+016B (decimal 363)
   defining Unicode char U+016C (decimal 364)
   defining Unicode char U+016D (decimal 365)
   defining Unicode char U+016E (decimal 366)
   defining Unicode char U+016F (decimal 367)
   defining Unicode char U+0170 (decimal 368)
   defining Unicode char U+0171 (decimal 369)
   defining Unicode char U+0172 (decimal 370)
   defining Unicode char U+0173 (decimal 371)
   defining Unicode char U+0174 (decimal 372)
   defining Unicode char U+0175 (decimal 373)
   defining Unicode char U+0176 (decimal 374)
   defining Unicode char U+0177 (decimal 375)
   defining Unicode char U+0178 (decimal 376)
   defining Unicode char U+0179 (decimal 377)
   defining Unicode char U+017A (decimal 378)
   defining Unicode char U+017B (decimal 379)
   defining Unicode char U+017C (decimal 380)
   defining Unicode char U+017D (decimal 381)
   defining Unicode char U+017E (decimal 382)
   defining Unicode char U+01CD (decimal 461)
   defining Unicode char U+01CE (decimal 462)
   defining Unicode char U+01CF (decimal 463)
   defining Unicode char U+01D0 (decimal 464)
   defining Unicode char U+01D1 (decimal 465)
   defining Unicode char U+01D2 (decimal 466)
   defining Unicode char U+01D3 (decimal 467)
   defining Unicode char U+01D4 (decimal 468)
   defining Unicode char U+01E2 (decimal 482)
   defining Unicode char U+01E3 (decimal 483)
   defining Unicode char U+01E6 (decimal 486)
   defining Unicode char U+01E7 (decimal 487)
   defining Unicode char U+01E8 (decimal 488)
   defining Unicode char U+01E9 (decimal 489)
   defining Unicode char U+01EA (decimal 490)
   defining Unicode char U+01EB (decimal 491)
   defining Unicode char U+01F0 (decimal 496)
   defining Unicode char U+01F4 (decimal 500)
   defining Unicode char U+01F5 (decimal 501)
   defining Unicode char U+0218 (decimal 536)
   defining Unicode char U+0219 (decimal 537)
   defining Unicode char U+021A (decimal 538)
   defining Unicode char U+021B (decimal 539)
   defining Unicode char U+01E02 (decimal 7682)
   defining Unicode char U+01E03 (decimal 7683)
   defining Unicode char U+200C (decimal 8204)
   defining Unicode char U+2013 (decimal 8211)
   defining Unicode char U+2014 (decimal 8212)
   defining Unicode char U+2018 (decimal 8216)
   defining Unicode char U+2019 (decimal 8217)
   defining Unicode char U+201A (decimal 8218)
   defining Unicode char U+201C (decimal 8220)
   defining Unicode char U+201D (decimal 8221)
   defining Unicode char U+201E (decimal 8222)
   defining Unicode char U+2030 (decimal 8240)
   defining Unicode char U+2031 (decimal 8241)
   defining Unicode char U+2039 (decimal 8249)
   defining Unicode char U+203A (decimal 8250)
   defining Unicode char U+2423 (decimal 9251)
)
Now handling font encoding OT1 ...
... processing UTF-8 mapping file for font encoding OT1

(/usr/share/texlive/texmf-dist/tex/latex/base/ot1enc.dfu
File: ot1enc.dfu 2015/12/03 v1.1r UTF-8 support for inputenc
   defining Unicode char U+00A0 (decimal 160)
   defining Unicode char U+00A1 (decimal 161)
   defining Unicode char U+00A3 (decimal 163)
   defining Unicode char U+00AD (decimal 173)
   defining Unicode char U+00B8 (decimal 184)
   defining Unicode char U+00BF (decimal 191)
   defining Unicode char U+00C5 (decimal 197)
   defining Unicode char U+00C6 (decimal 198)
   defining Unicode char U+00D8 (decimal 216)
   defining Unicode char U+00DF (decimal 223)
   defining Unicode char U+00E6 (decimal 230)
   defining Unicode char U+00EC (decimal 236)
   defining Unicode char U+00ED (decimal 237)
   defining Unicode char U+00EE (decimal 238)
   defining Unicode char U+00EF (decimal 239)
   defining Unicode char U+00F8 (decimal 248)
   defining Unicode char U+0131 (decimal 305)
   defining Unicode char U+0141 (decimal 321)
   defining Unicode char U+0142 (decimal 322)
   defining Unicode char U+0152 (decimal 338)
   defining Unicode char U+0153 (decimal 339)
   defining Unicode char U+0174 (decimal 372)
   defining Unicode char U+0175 (decimal 373)
   defining Unicode char U+0176 (decimal 374)
   defining Unicode char U+0177 (decimal 375)
   defining Unicode char U+0218 (decimal 536)
   defining Unicode char U+0219 (decimal 537)
   defining Unicode char U+021A (decimal 538)
   defining Unicode char U+021B (decimal 539)
   defining Unicode char U+2013 (decimal 8211)
   defining Unicode char U+2014 (decimal 8212)
   defining Unicode char U+2018 (decimal 8216)
   defining Unicode char U+2019 (decimal 8217)
   defining Unicode char U+201C (decimal 8220)
   defining Unicode char U+201D (decimal 8221)
)
Now handling font encoding OMS ...
... processing UTF-8 mapping file for font encoding OMS

(/usr/share/texlive/texmf-dist/tex/latex/base/omsenc.dfu
File: omsenc.dfu 2015/12/03 v1.1r UTF-8 support for inputenc
   defining Unicode char U+00A7 (decimal 167)
   defining Unicode char U+00B6 (decimal 182)
   defining Unicode char U+00B7 (decimal 183)
   defining Unicode char U+2020 (decimal 8224)
   defining Unicode char U+2021 (decimal 8225)
   defining Unicode char U+2022 (decimal 8226)
)
Now handling font encoding OMX ...
... no UTF-8 mapping file for font encoding OMX
Now handling font encoding U ...
... no UTF-8 mapping file for font encoding U
Now handling font encoding PD1 ...
... no UTF-8 mapping file for font encoding PD1
   defining Unicode char U+00A9 (decimal 169)
   defining Unicode char U+00AA (decimal 170)
   defining Unicode char U+00AE (decimal 174)
   defining Unicode char U+00BA (decimal 186)
   defining Unicode char U+02C6 (decimal 710)
   defining Unicode char U+02DC (decimal 732)
   defining Unicode char U+200C (decimal 8204)
   defining Unicode char U+2026 (decimal 8230)
   defining Unicode char U+2122 (decimal 8482)
   defining Unicode char U+2423 (decimal 9251)
))
(/usr/share/texlive/texmf-dist/tex/latex/base/textcomp.sty
Package: textcomp 2005/09/27 v1.99g Standard LaTeX package
Package textcomp Info: Sub-encoding information:
(textcomp)               5 = only ISO-Adobe without \textcurrency
(textcomp)               4 = 5 + \texteuro
(textcomp)               3 = 4 + \textohm
(textcomp)               2 = 3 + \textestimated + \textcurrency
(textcomp)               1 = TS1 - \textcircled - \t
(textcomp)               0 = TS1 (full)
(textcomp)             Font families with sub-encoding setting implement
(textcomp)             only a restricted character set as indicated.
(textcomp)             Family '?' is the default used for unknown fonts.
(textcomp)             See the documentation for details.
Package textcomp Info: Setting ? sub-encoding to TS1/1 on input line 79.

(/usr/share/texlive/texmf-dist/tex/latex/base/ts1enc.def
File: ts1enc.def 2001/06/05 v3.0e (jk/car/fm) Standard LaTeX file
Now handling font encoding TS1 ...
... processing UTF-8 mapping file for font encoding TS1

(/usr/share/texlive/texmf-dist/tex/latex/base/ts1enc.dfu
File: ts1enc.dfu 2015/12/03 v1.1r UTF-8 support for inputenc
   defining Unicode char U+00A2 (decimal 162)
   defining Unicode char U+00A3 (decimal 163)
   defining Unicode char U+00A4 (decimal 164)
   defining Unicode char U+00A5 (decimal 165)
   defining Unicode char U+00A6 (decimal 166)
   defining Unicode char U+00A7 (decimal 167)
   defining Unicode char U+00A8 (decimal 168)
   defining Unicode char U+00A9 (decimal 169)
   defining Unicode char U+00AA (decimal 170)
   defining Unicode char U+00AC (decimal 172)
   defining Unicode char U+00AE (decimal 174)
   defining Unicode char U+00AF (decimal 175)
   defining Unicode char U+00B0 (decimal 176)
   defining Unicode char U+00B1 (decimal 177)
   defining Unicode char U+00B2 (decimal 178)
   defining Unicode char U+00B3 (decimal 179)
   defining Unicode char U+00B4 (decimal 180)
   defining Unicode char U+00B5 (decimal 181)
   defining Unicode char U+00B6 (decimal 182)
   defining Unicode char U+00B7 (decimal 183)
   defining Unicode char U+00B9 (decimal 185)
   defining Unicode char U+00BA (decimal 186)
   defining Unicode char U+00BC (decimal 188)
   defining Unicode char U+00BD (decimal 189)
   defining Unicode char U+00BE (decimal 190)
   defining Unicode char U+00D7 (decimal 215)
   defining Unicode char U+00F7 (decimal 247)
   defining Unicode char U+0192 (decimal 402)
   defining Unicode char U+02C7 (decimal 711)
   defining Unicode char U+02D8 (decimal 728)
   defining Unicode char U+02DD (decimal 733)
   defining Unicode char U+0E3F (decimal 3647)
   defining Unicode char U+2016 (decimal 8214)
   defining Unicode char U+2020 (decimal 8224)
   defining Unicode char U+2021 (decimal 8225)
   defining Unicode char U+2022 (decimal 8226)
   defining Unicode char U+2030 (decimal 8240)
   defining Unicode char U+2031 (decimal 8241)
   defining Unicode char U+203B (decimal 8251)
   defining Unicode char U+203D (decimal 8253)
   defining Unicode char U+2044 (decimal 8260)
   defining Unicode char U+204E (decimal 8270)
   defining Unicode char U+2052 (decimal 8274)
   defining Unicode char U+20A1 (decimal 8353)
   defining Unicode char U+20A4 (decimal 8356)
   defining Unicode char U+20A6 (decimal 8358)
   defining Unicode char U+20A9 (decimal 8361)
   defining Unicode char U+20AB (decimal 8363)
   defining Unicode char U+20AC (decimal 8364)
   defining Unicode char U+20B1 (decimal 8369)
   defining Unicode char U+2103 (decimal 8451)
   defining Unicode char U+2116 (decimal 8470)
   defining Unicode char U+2117 (decimal 8471)
   defining Unicode char U+211E (decimal 8478)
   defining Unicode char U+2120 (decimal 8480)
   defining Unicode char U+2122 (decimal 8482)
   defining Unicode char U+2126 (decimal 8486)
   defining Unicode char U+2127 (decimal 8487)
   defining Unicode char U+212E (decimal 8494)
   defining Unicode char U+2190 (decimal 8592)
   defining Unicode char U+2191 (decimal 8593)
   defining Unicode char U+2192 (decimal 8594)
   defining Unicode char U+2193 (decimal 8595)
   defining Unicode char U+2329 (decimal 9001)
   defining Unicode char U+232A (decimal 9002)
   defining Unicode char U+2422 (decimal 9250)
   defining Unicode char U+25E6 (decimal 9702)
   defining Unicode char U+25EF (decimal 9711)
   defining Unicode char U+266A (decimal 9834)
))
LaTeX Info: Redefining \oldstylenums on input line 334.
Package textcomp Info: Setting cmr sub-encoding to TS1/0 on input line 349.
Package textcomp Info: Setting cmss sub-encoding to TS1/0 on input line 350.
Package textcomp Info: Setting cmtt sub-encoding to TS1/0 on input line 351.
Package textcomp Info: Setting cmvtt sub-encoding to TS1/0 on input line 352.
Package textcomp Info: Setting cmbr sub-encoding to TS1/0 on input line 353.
Package textcomp Info: Setting cmtl sub-encoding to TS1/0 on input line 354.
Package textcomp Info: Setting ccr sub-encoding to TS1/0 on input line 355.
Package textcomp Info: Setting ptm sub-encoding to TS1/4 on input line 356.
Package textcomp Info: Setting pcr sub-encoding to TS1/4 on input line 357.
Package textcomp Info: Setting phv sub-encoding to TS1/4 on input line 358.
Package textcomp Info: Setting ppl sub-encoding to TS1/3 on input line 359.
Package textcomp Info: Setting pag sub-encoding to TS1/4 on input line 360.
Package textcomp Info: Setting pbk sub-encoding to TS1/4 on input line 361.
Package textcomp Info: Setting pnc sub-encoding to TS1/4 on input line 362.
Package textcomp Info: Setting pzc sub-encoding to TS1/4 on input line 363.
Package textcomp Info: Setting bch sub-encoding to TS1/4 on input line 364.
Package textcomp Info: Setting put sub-encoding to TS1/5 on input line 365.
Package textcomp Info: Setting uag sub-encoding to TS1/5 on input line 366.
Package textcomp Info: Setting ugq sub-encoding to TS1/5 on input line 367.
Package textcomp Info: Setting ul8 sub-encoding to TS1/4 on input line 368.
Package textcomp Info: Setting ul9 sub-encoding to TS1/4 on input line 369.
Package textcomp Info: Setting augie sub-encoding to TS1/5 on input line 370.
Package textcomp Info: Setting dayrom sub-encoding to TS1/3 on input line 371.
Package textcomp Info: Setting dayroms sub-encoding to TS1/3 on input line 372.

Package textcomp Info: Setting pxr sub-encoding to TS1/0 on input line 373.
Package textcomp Info: Setting pxss sub-encoding to TS1/0 on input line 374.
Package textcomp Info: Setting pxtt sub-encoding to TS1/0 on input line 375.
Package textcomp Info: Setting txr sub-encoding to TS1/0 on input line 376.
Package textcomp Info: Setting txss sub-encoding to TS1/0 on input line 377.
Package textcomp Info: Setting txtt sub-encoding to TS1/0 on input line 378.
Package textcomp Info: Setting lmr sub-encoding to TS1/0 on input line 379.
Package textcomp Info: Setting lmdh sub-encoding to TS1/0 on input line 380.
Package textcomp Info: Setting lmss sub-encoding to TS1/0 on input line 381.
Package textcomp Info: Setting lmssq sub-encoding to TS1/0 on input line 382.
Package textcomp Info: Setting lmvtt sub-encoding to TS1/0 on input line 383.
Package textcomp Info: Setting lmtt sub-encoding to TS1/0 on input line 384.
Package textcomp Info: Setting qhv sub-encoding to TS1/0 on input line 385.
Package textcomp Info: Setting qag sub-encoding to TS1/0 on input line 386.
Package textcomp Info: Setting qbk sub-encoding to TS1/0 on input line 387.
Package textcomp Info: Setting qcr sub-encoding to TS1/0 on input line 388.
Package textcomp Info: Setting qcs sub-encoding to TS1/0 on input line 389.
Package textcomp Info: Setting qpl sub-encoding to TS1/0 on input line 390.
Package textcomp Info: Setting qtm sub-encoding to TS1/0 on input line 391.
Package textcomp Info: Setting qzc sub-encoding to TS1/0 on input line 392.
Package textcomp Info: Setting qhvc sub-encoding to TS1/0 on input line 393.
Package textcomp Info: Setting futs sub-encoding to TS1/4 on input line 394.
Package textcomp Info: Setting futx sub-encoding to TS1/4 on input line 395.
Package textcomp Info: Setting futj sub-encoding to TS1/4 on input line 396.
Package textcomp Info: Setting hlh sub-encoding to TS1/3 on input line 397.
Package textcomp Info: Setting hls sub-encoding to TS1/3 on input line 398.
Package textcomp Info: Setting hlst sub-encoding to TS1/3 on input line 399.
Package textcomp Info: Setting hlct sub-encoding to TS1/5 on input line 400.
Package textcomp Info: Setting hlx sub-encoding to TS1/5 on input line 401.
Package textcomp Info: Setting hlce sub-encoding to TS1/5 on input line 402.
Package textcomp Info: Setting hlcn sub-encoding to TS1/5 on input line 403.
Package textcomp Info: Setting hlcw sub-encoding to TS1/5 on input line 404.
Package textcomp Info: Setting hlcf sub-encoding to TS1/5 on input line 405.
Package textcomp Info: Setting pplx sub-encoding to TS1/3 on input line 406.
Package textcomp Info: Setting pplj sub-encoding to TS1/3 on input line 407.
Package textcomp Info: Setting ptmx sub-encoding to TS1/4 on input line 408.
Package textcomp Info: Setting ptmj sub-encoding to TS1/4 on input line 409.
)
(/usr/share/texlive/texmf-dist/tex/latex/psnfss/helvet.sty
Package: helvet 2005/04/12 PSNFSS-v9.2a (WaS) 
)
(/usr/share/texlive/texmf-dist/tex/latex/upquote/upquote.sty
Package: upquote 2012/04/19 v1.3 upright-quote and grave-accent glyphs in verba
tim
)
(./DoesTheBlueBirdGetTheFlu_V2.aux

LaTeX Warning: Label `fig:cdc_tw_comp_regs_ma4' multiply defined.

)
\openout1 = `DoesTheBlueBirdGetTheFlu_V2.aux'.

LaTeX Font Info:    Checking defaults for OML/cmm/m/it on input line 214.
LaTeX Font Info:    ... okay on input line 214.
LaTeX Font Info:    Checking defaults for T1/cmr/m/n on input line 214.
LaTeX Font Info:    ... okay on input line 214.
LaTeX Font Info:    Checking defaults for OT1/cmr/m/n on input line 214.
LaTeX Font Info:    ... okay on input line 214.
LaTeX Font Info:    Checking defaults for OMS/cmsy/m/n on input line 214.
LaTeX Font Info:    ... okay on input line 214.
LaTeX Font Info:    Checking defaults for OMX/cmex/m/n on input line 214.
LaTeX Font Info:    ... okay on input line 214.
LaTeX Font Info:    Checking defaults for U/cmr/m/n on input line 214.
LaTeX Font Info:    ... okay on input line 214.
LaTeX Font Info:    Checking defaults for PD1/pdf/m/n on input line 214.
LaTeX Font Info:    ... okay on input line 214.
LaTeX Font Info:    Checking defaults for TS1/cmr/m/n on input line 214.
LaTeX Font Info:    Try loading font information for TS1+cmr on input line 214.

 (/usr/share/texlive/texmf-dist/tex/latex/base/ts1cmr.fd
File: ts1cmr.fd 2014/09/29 v2.5h Standard LaTeX font definitions
)
LaTeX Font Info:    ... okay on input line 214.
LaTeX Font Info:    Try loading font information for OT1+phv on input line 214.


(/usr/share/texlive/texmf-dist/tex/latex/psnfss/ot1phv.fd
File: ot1phv.fd 2001/06/04 scalable font definitions for OT1/phv.
)
(/usr/share/texlive/texmf-dist/tex/context/base/supp-pdf.mkii
[Loading MPS to PDF converter (version 2006.09.02).]
\scratchcounter=\count125
\scratchdimen=\dimen141
\scratchbox=\box34
\nofMPsegments=\count126
\nofMParguments=\count127
\everyMPshowfont=\toks36
\MPscratchCnt=\count128
\MPscratchDim=\dimen142
\MPnumerator=\count129
\makeMPintoPDFobject=\count130
\everyMPtoPDFconversion=\toks37
) (/usr/share/texlive/texmf-dist/tex/latex/oberdiek/epstopdf-base.sty
Package: epstopdf-base 2010/02/09 v2.5 Base part for package epstopdf

(/usr/share/texlive/texmf-dist/tex/latex/oberdiek/grfext.sty
Package: grfext 2010/08/19 v1.1 Manage graphics extensions (HO)
)
Package grfext Info: Graphics extension search list:
(grfext)             [.png,.pdf,.jpg,.mps,.jpeg,.jbig2,.jb2,.PNG,.PDF,.JPG,.JPE
G,.JBIG2,.JB2,.eps]
(grfext)             \AppendGraphicsExtensions on input line 452.

(/usr/share/texlive/texmf-dist/tex/latex/latexconfig/epstopdf-sys.cfg
File: epstopdf-sys.cfg 2010/07/13 v1.3 Configuration of (r)epstopdf for TeX Liv
e
))
*geometry* driver: auto-detecting
*geometry* detected driver: pdftex
*geometry* verbose mode - [ preamble ] result:
* driver: pdftex
* paper: a4paper
* layout: <same size as paper>
* layoutoffset:(h,v)=(0.0pt,0.0pt)
* modes: 
* h-part:(L,W,R)=(71.13188pt, 455.24411pt, 71.13188pt)
* v-part:(T,H,B)=(102.42992pt, 674.33032pt, 68.2866pt)
* \paperwidth=597.50787pt
* \paperheight=845.04684pt
* \textwidth=455.24411pt
* \textheight=674.33032pt
* \oddsidemargin=-1.1381pt
* \evensidemargin=-1.1381pt
* \topmargin=-55.81723pt
* \headheight=12.0pt
* \headsep=73.97716pt
* \topskip=11.0pt
* \footskip=42.67912pt
* \marginparwidth=50.0pt
* \marginparsep=10.0pt
* \columnsep=10.0pt
* \skip\footins=10.0pt plus 4.0pt minus 2.0pt
* \hoffset=0.0pt
* \voffset=0.0pt
* \mag=1000
* \@twocolumnfalse
* \@twosidefalse
* \@mparswitchfalse
* \@reversemarginfalse
* (1in=72.27pt=25.4mm, 1cm=28.453pt)

\AtBeginShipoutBox=\box35
Package hyperref Info: Link coloring OFF on input line 214.
(/usr/share/texlive/texmf-dist/tex/latex/hyperref/nameref.sty
Package: nameref 2012/10/27 v2.43 Cross-referencing by name of section

(/usr/share/texlive/texmf-dist/tex/generic/oberdiek/gettitlestring.sty
Package: gettitlestring 2010/12/03 v1.4 Cleanup title references (HO)
)
\c@section@level=\count131
)
LaTeX Info: Redefining \ref on input line 214.
LaTeX Info: Redefining \pageref on input line 214.
LaTeX Info: Redefining \nameref on input line 214.

(./DoesTheBlueBirdGetTheFlu_V2.out) (./DoesTheBlueBirdGetTheFlu_V2.out)
\@outlinefile=\write4
\openout4 = `DoesTheBlueBirdGetTheFlu_V2.out'.

Package caption Info: Begin \AtBeginDocument code.
Package caption Info: float package is loaded.
Package caption Info: End \AtBeginDocument code.
LaTeX Font Info:    Font shape `OT1/phv/bx/n' in size <10.95> not available
(Font)              Font shape `OT1/phv/b/n' tried instead on input line 220.
LaTeX Font Info:    Font shape `OT1/phv/bx/n' in size <14.4> not available
(Font)              Font shape `OT1/phv/b/n' tried instead on input line 220.

[0

{/var/lib/texmf/fonts/map/pdftex/updmap/pdftex.map}]

Package Fancyhdr Warning: \fancyfoot's `E' option without twoside option is use
less on input line 261.


Package Fancyhdr Warning: \fancyfoot's `E' option without twoside option is use
less on input line 261.


Package Fancyhdr Warning: \fancyfoot's `E' option without twoside option is use
less on input line 261.


Package Fancyhdr Warning: \fancyhead's `E' option without twoside option is use
less on input line 261.


Package Fancyhdr Warning: \fancyhead's `E' option without twoside option is use
less on input line 261.


Package Fancyhdr Warning: \fancyhead's `E' option without twoside option is use
less on input line 261.

(./DoesTheBlueBirdGetTheFlu_V2.toc
LaTeX Font Info:    Try loading font information for U+msa on input line 2.

(/usr/share/texlive/texmf-dist/tex/latex/amsfonts/umsa.fd
File: umsa.fd 2013/01/14 v3.01 AMS symbols A
)
LaTeX Font Info:    Try loading font information for U+msb on input line 2.

(/usr/share/texlive/texmf-dist/tex/latex/amsfonts/umsb.fd
File: umsb.fd 2013/01/14 v3.01 AMS symbols B
))
\tf@toc=\write5
\openout5 = `DoesTheBlueBirdGetTheFlu_V2.toc'.

 [1


]pdfTeX warning (ext4): destination with the same identifier (name{page.1}) has
 been already used, duplicate ignored
<to be read again> 
                   \relax 
l.273 \end{abstract}
                     [1]
Chapter 1.

Overfull \hbox (17.2405pt too wide) in paragraph at lines 280--281
\OT1/cmr/m/n/10.95 seek med-i-cal care ([]Goff \OT1/cmr/m/it/10.95 et al.[]\OT1
/cmr/m/n/10.95 , []2015[]). Also, both the CDC (https://www.cdc.gov/flu/takingc
are.htm)
 []


Overfull \hbox (216.75215pt too wide) in paragraph at lines 280--281
\OT1/cmr/m/n/10.95 as well the Swiss Fed-eral Of-fice of Pub-lic Health (https:
//www.bag.admin.ch/dam/bag/de/dokumente/mt/infektionskrankheiten/grippe/fach-
 []


Package natbib Warning: Citation `rothman2012epidemiology' on page 1 undefined 
on input line 287.


Package natbib Warning: Citation `koepsell2014epidemiologic' on page 1 undefine
d on input line 287.


Package natbib Warning: Citation `bailey2005introduction' on page 1 undefined o
n input line 287.


Underfull \hbox (badness 10000) in paragraph at lines 287--288

 []

pdfTeX warning (ext4): destination with the same identifier (name{page.1}) has 
been already used, duplicate ignored
<to be read again> 
                   \relax 
l.290 
       [1

]
Underfull \hbox (badness 10000) in paragraph at lines 295--299

 []


Underfull \hbox (badness 10000) in paragraph at lines 302--303

 []


Underfull \hbox (badness 10000) in paragraph at lines 304--304
[][][]\OT1/cmr/m/n/9 The Twit-ter bird has been dubbed "Larry the Bird" by its 
cre-ators:
 []


Package Fancyhdr Warning: \headheight is too small (12.0pt): 
 Make it at least 13.59999pt.
 We now make it that large for the rest of the document.
 This may cause the page layout to be inconsistent, however.

LaTeX Font Info:    Font shape `OT1/phv/m/it' in size <10.95> not available
(Font)              Font shape `OT1/phv/m/sl' tried instead on input line 306.
[2]
Underfull \hbox (badness 10000) in paragraph at lines 310--311

 []


Underfull \hbox (badness 10000) in paragraph at lines 312--313

 []


Package natbib Warning: Citation `' on page 3 undefined on input line 315.


Underfull \hbox (badness 10000) in paragraph at lines 314--316

 []

[3]
Underfull \hbox (badness 10000) in paragraph at lines 317--318

 []


Underfull \hbox (badness 10000) in paragraph at lines 319--320

 []


Underfull \hbox (badness 10000) in paragraph at lines 321--322

 []


Overfull \hbox (188.79799pt too wide) in paragraph at lines 323--324
\OT1/cmr/m/n/10.95 monthly-active-twitter-users/) - or even with the 70 mil-lio
n ac-tive users in the US (https://www.statista.com/statistics/274564/monthly-
 []


Underfull \hbox (badness 10000) in paragraph at lines 323--324

 []


Underfull \hbox (badness 10000) in paragraph at lines 325--326

 []


Underfull \hbox (badness 10000) in paragraph at lines 328--329

 []

[4] <./fig/ROC_classification_seed.png, id=300, 654.445pt x 321.2pt>
File: ./fig/ROC_classification_seed.png Graphic file (type png)

<use ./fig/ROC_classification_seed.png>
Package pdftex.def Info: ./fig/ROC_classification_seed.png used on input line 3
37.
(pdftex.def)             Requested size: 409.71692pt x 201.08768pt.

Underfull \hbox (badness 10000) in paragraph at lines 346--347

 []

[5 <./fig/ROC_classification_seed.png>]
Underfull \hbox (badness 10000) in paragraph at lines 348--349

 []


Underfull \hbox (badness 10000) in paragraph at lines 350--353

 []


Package natbib Warning: Citation `martcheva2015introduction' on page 6 undefine
d on input line 354.

[6]
Underfull \hbox (badness 10000) in paragraph at lines 382--383

 []

<./fig/todd_bodnar_SIR.png, id=333, 1230.5975pt x 540.0175pt>
File: ./fig/todd_bodnar_SIR.png Graphic file (type png)

<use ./fig/todd_bodnar_SIR.png>
Package pdftex.def Info: ./fig/todd_bodnar_SIR.png used on input line 386.
(pdftex.def)             Requested size: 409.71692pt x 179.78839pt.
 [7]
Underfull \hbox (badness 10000) in paragraph at lines 396--397

 []

<./fig/cdc_fit_bodnar_thesis.png, id=354, 1150.2975pt x 384.43625pt>
File: ./fig/cdc_fit_bodnar_thesis.png Graphic file (type png)

<use ./fig/cdc_fit_bodnar_thesis.png>
Package pdftex.def Info: ./fig/cdc_fit_bodnar_thesis.png used on input line 402
.
(pdftex.def)             Requested size: 409.71692pt x 136.93044pt.


LaTeX Warning: `h' float specifier changed to `ht'.

[8 <./fig/todd_bodnar_SIR.png>] [9 <./fig/cdc_fit_bodnar_thesis.png>]
Chapter 2.

Package natbib Warning: Citation `Rbase' on page 10 undefined on input line 409
.

Package color Info: Redefining color shadecolor on input line 424.

Package natbib Warning: Citation `datatable' on page 10 undefined on input line
 446.


Package natbib Warning: Citation `bigmemory' on page 10 undefined on input line
 446.

[10

]
Underfull \hbox (badness 10000) in paragraph at lines 453--454

 []


Underfull \hbox (badness 10000) in paragraph at lines 455--456

 []


Underfull \hbox (badness 10000) in paragraph at lines 457--458

 []


Underfull \hbox (badness 10000) in paragraph at lines 459--460

 []

<./fig/state56_sick_raw_df.png, id=381, 1806.75pt x 1003.75pt>
File: ./fig/state56_sick_raw_df.png Graphic file (type png)

<use ./fig/state56_sick_raw_df.png>
Package pdftex.def Info: ./fig/state56_sick_raw_df.png used on input line 464.
(pdftex.def)             Requested size: 409.71692pt x 227.61066pt.

<./fig/CanexicoAndRemoved_sick_raw_df.png, id=382, 1806.75pt x 1003.75pt>
File: ./fig/CanexicoAndRemoved_sick_raw_df.png Graphic file (type png)

<use ./fig/CanexicoAndRemoved_sick_raw_df.png>
Package pdftex.def Info: ./fig/CanexicoAndRemoved_sick_raw_df.png used on input
 line 469.
(pdftex.def)             Requested size: 409.71692pt x 227.61066pt.


LaTeX Warning: `h' float specifier changed to `ht'.


Underfull \hbox (badness 10000) in paragraph at lines 476--477

 []

[11]
<./fig/user_activity_total_sick_raw_df.png, id=395, 1003.75pt x 501.875pt>
File: ./fig/user_activity_total_sick_raw_df.png Graphic file (type png)

<use ./fig/user_activity_total_sick_raw_df.png>
Package pdftex.def Info: ./fig/user_activity_total_sick_raw_df.png used on inpu
t line 480.
(pdftex.def)             Requested size: 455.24411pt x 227.62596pt.


LaTeX Warning: `h' float specifier changed to `ht'.

<./fig/barplot_sick_raw_df.pdf, id=398, 1011.78pt x 505.89pt>
File: ./fig/barplot_sick_raw_df.pdf Graphic file (type pdf)

<use ./fig/barplot_sick_raw_df.pdf>
Package pdftex.def Info: ./fig/barplot_sick_raw_df.pdf used on input line 489.
(pdftex.def)             Requested size: 455.24411pt x 227.62523pt.


LaTeX Warning: `h' float specifier changed to `ht'.

<./fig/user_activity_both_sick_raw_df.png, id=399, 1003.75pt x 501.875pt>
File: ./fig/user_activity_both_sick_raw_df.png Graphic file (type png)

<use ./fig/user_activity_both_sick_raw_df.png>
Package pdftex.def Info: ./fig/user_activity_both_sick_raw_df.png used on input
 line 497.
(pdftex.def)             Requested size: 455.24411pt x 227.62596pt.

<./fig/user_activity_only_healthy_sick_raw_df.png, id=400, 1003.75pt x 501.875p
t>
File: ./fig/user_activity_only_healthy_sick_raw_df.png Graphic file (type png)
 <use ./fig/user_activity_only_healthy_sick_raw_df.png>
Package pdftex.def Info: ./fig/user_activity_only_healthy_sick_raw_df.png used 
on input line 501.
(pdftex.def)             Requested size: 455.24411pt x 227.62596pt.


LaTeX Warning: `h' float specifier changed to `ht'.


Package natbib Warning: Citation `bigmatrix' on page 12 undefined on input line
 516.


Underfull \hbox (badness 10000) in paragraph at lines 516--517

 []

Package color Info: Redefining color shadecolor on input line 521.
[12]
Underfull \hbox (badness 10000) in paragraph at lines 544--545

 []


Underfull \hbox (badness 10000) in paragraph at lines 546--547

 []

Package color Info: Redefining color shadecolor on input line 551.

Overfull \hbox (10.3996pt too wide) in paragraph at lines 553--553
[]\OT1/cmtt/m/n/10.95 ##    week state sick  total healthy     sick_per        
    statename       date 
 []


Overfull \hbox (10.3996pt too wide) in paragraph at lines 554--554
[]\OT1/cmtt/m/n/10.95 ## 1:   23    34    1  86616   86615 1.154521e-05        
    wisconsin 2011-08-13[] 
 []


Overfull \hbox (10.3996pt too wide) in paragraph at lines 555--555
[]\OT1/cmtt/m/n/10.95 ## 2:  194    43    2  69629   69627 2.872366e-05        
     nebraska 2014-11-22[] 
 []


Overfull \hbox (10.3996pt too wide) in paragraph at lines 556--556
[]\OT1/cmtt/m/n/10.95 ## 3:  155    16    0 140482  140482 0.000000e+00        
     delaware 2014-02-22[] 
 []


Overfull \hbox (10.3996pt too wide) in paragraph at lines 557--557
[]\OT1/cmtt/m/n/10.95 ## 4:   67    24  686 181757  181071 3.774270e-03        
     kentucky 2012-06-16[] 
 []


Overfull \hbox (10.3996pt too wide) in paragraph at lines 558--558
[]\OT1/cmtt/m/n/10.95 ## 5:   40    28    0 101685  101685 0.000000e+00        
    tennessee 2011-12-10[] 
 []


Overfull \hbox (10.3996pt too wide) in paragraph at lines 559--559
[]\OT1/cmtt/m/n/10.95 ## 6:   17     0    0  10142   10142 0.000000e+00 distric
t of columbia 2011-07-02[] 
 []


Underfull \hbox (badness 10000) in paragraph at lines 564--565

 []


Underfull \hbox (badness 10000) in paragraph at lines 566--567

 []

[13]
Underfull \hbox (badness 10000) in paragraph at lines 568--569

 []


Underfull \hbox (badness 10000) in paragraph at lines 570--571

 []


Underfull \hbox (badness 10000) in paragraph at lines 572--573

 []

<./fig/avg_tw_sick_healthy.pdf, id=439, 722.7pt x 505.89pt>
File: ./fig/avg_tw_sick_healthy.pdf Graphic file (type pdf)

<use ./fig/avg_tw_sick_healthy.pdf>
Package pdftex.def Info: ./fig/avg_tw_sick_healthy.pdf used on input line 576.
(pdftex.def)             Requested size: 455.24411pt x 318.67378pt.
 [14] [15 <./fig/avg_tw_sick_healthy.pdf>]
[16 <./fig/state56_sick_raw_df.png> <./fig/CanexicoAndRemoved_sick_raw_df.png (
PNG copy)>] [17 <./fig/user_activity_total_sick_raw_df.png> <./fig/barplot_sick
_raw_df.pdf>] [18 <./fig/user_activity_both_sick_raw_df.png> <./fig/user_activi
ty_only_healthy_sick_raw_df.png>]
Chapter 3.

Underfull \hbox (badness 10000) in paragraph at lines 583--584

 []


Underfull \hbox (badness 10000) in paragraph at lines 585--586

 []


<./fig/activity_total_date_Twitter_full_aggregated.png, id=486, 1003.75pt x 501
.875pt>
File: ./fig/activity_total_date_Twitter_full_aggregated.png Graphic file (type 
png)
 <use ./fig/activity_total_date_Twitter_full_aggregated.png>
Package pdftex.def Info: ./fig/activity_total_date_Twitter_full_aggregated.png 
used on input line 589.
(pdftex.def)             Requested size: 455.24411pt x 227.62596pt.

<./fig/activity_healthy_date_Twitter_full_aggregated.png, id=487, 1003.75pt x 5
01.875pt>
File: ./fig/activity_healthy_date_Twitter_full_aggregated.png Graphic file (typ
e png)
 <use ./fig/activity_healthy_date_Twitter_full_aggregated.png>
Package pdftex.def Info: ./fig/activity_healthy_date_Twitter_full_aggregated.pn
g used on input line 597.
(pdftex.def)             Requested size: 223.07211pt x 111.5309pt.

<./fig/activity_sick_date_Twitter_full_aggregated.png, id=488, 1003.75pt x 501.
875pt>
File: ./fig/activity_sick_date_Twitter_full_aggregated.png Graphic file (type p
ng)
 <use ./fig/activity_sick_date_Twitter_full_aggregated.png>
Package pdftex.def Info: ./fig/activity_sick_date_Twitter_full_aggregated.png u
sed on input line 602.
(pdftex.def)             Requested size: 223.07211pt x 111.5309pt.

<./fig/activity_rel_healthy_date_Twitter_full_aggregated.png, id=489, 1003.75pt
 x 501.875pt>
File: ./fig/activity_rel_healthy_date_Twitter_full_aggregated.png Graphic file 
(type png)

<use ./fig/activity_rel_healthy_date_Twitter_full_aggregated.png>
Package pdftex.def Info: ./fig/activity_rel_healthy_date_Twitter_full_aggregate
d.png used on input line 609.
(pdftex.def)             Requested size: 223.07211pt x 111.5309pt.

<./fig/activity_rel_sick_date_Twitter_full_aggregated.png, id=490, 1003.75pt x 
501.875pt>
File: ./fig/activity_rel_sick_date_Twitter_full_aggregated.png Graphic file (ty
pe png)
 <use ./fig/activity_rel_sick_date_Twitter_full_aggregated.png>
Package pdftex.def Info: ./fig/activity_rel_sick_date_Twitter_full_aggregated.p
ng used on input line 614.
(pdftex.def)             Requested size: 223.07211pt x 111.5309pt.

[19

 <./fig/activity_total_date_Twitter_full_aggregated.png>]
Underfull \hbox (badness 10000) in paragraph at lines 621--622

 []


<./fig/activity_total_state_Twitter_full_aggregated.png, id=504, 1003.75pt x 50
1.875pt>
File: ./fig/activity_total_state_Twitter_full_aggregated.png Graphic file (type
 png)
 <use ./fig/activity_total_state_Twitter_full_aggregated.png>
Package pdftex.def Info: ./fig/activity_total_state_Twitter_full_aggregated.png
 used on input line 628.
(pdftex.def)             Requested size: 455.24411pt x 227.62596pt.

<./fig/activity_total_user_state_Twitter_full_aggregated.png, id=505, 1003.75pt
 x 501.875pt>
File: ./fig/activity_total_user_state_Twitter_full_aggregated.png Graphic file 
(type png)

<use ./fig/activity_total_user_state_Twitter_full_aggregated.png>
Package pdftex.def Info: ./fig/activity_total_user_state_Twitter_full_aggregate
d.png used on input line 634.
(pdftex.def)             Requested size: 455.24411pt x 227.62596pt.
 [20 <./fig/activity_healthy_date_Twitter_full_aggregated.png> <./fig/activity_
sick_date_Twitter_full_aggregated.png> <./fig/activity_rel_healthy_date_Twitter
_full_aggregated.png> <./fig/activity_rel_sick_date_Twitter_full_aggregated.png
>]
<./fig/ScatterTweetPop.png, id=519, 803.0pt x 803.0pt>
File: ./fig/ScatterTweetPop.png Graphic file (type png)

<use ./fig/ScatterTweetPop.png>
Package pdftex.def Info: ./fig/ScatterTweetPop.png used on input line 644.
(pdftex.def)             Requested size: 273.14923pt x 273.15117pt.

<./fig/ScatterTweetPop_user.png, id=520, 803.0pt x 803.0pt>
File: ./fig/ScatterTweetPop_user.png Graphic file (type png)

<use ./fig/ScatterTweetPop_user.png>
Package pdftex.def Info: ./fig/ScatterTweetPop_user.png used on input line 650.

(pdftex.def)             Requested size: 273.14923pt x 273.15117pt.
 [21 <./fig/activity_total_state_Twitter_full_aggregated.png> <./fig/activity_t
otal_user_state_Twitter_full_aggregated.png>]
<./fig/activity_healthy_statename_Twitter_full_aggregated.png, id=528, 1003.75p
t x 501.875pt>
File: ./fig/activity_healthy_statename_Twitter_full_aggregated.png Graphic file
 (type png)

<use ./fig/activity_healthy_statename_Twitter_full_aggregated.png>
Package pdftex.def Info: ./fig/activity_healthy_statename_Twitter_full_aggregat
ed.png used on input line 661.
(pdftex.def)             Requested size: 223.07211pt x 111.5309pt.

<./fig/activity_sick_statename_Twitter_full_aggregated.png, id=529, 1003.75pt x
 501.875pt>
File: ./fig/activity_sick_statename_Twitter_full_aggregated.png Graphic file (t
ype png)
 <use ./fig/activity_sick_statename_Twitter_full_aggregated.png>
Package pdftex.def Info: ./fig/activity_sick_statename_Twitter_full_aggregated.
png used on input line 666.
(pdftex.def)             Requested size: 223.07211pt x 111.5309pt.

<./fig/activity_rel_healthy_statename_Twitter_full_aggregated.png, id=530, 1003
.75pt x 501.875pt>
File: ./fig/activity_rel_healthy_statename_Twitter_full_aggregated.png Graphic 
file (type png)

<use ./fig/activity_rel_healthy_statename_Twitter_full_aggregated.png>
Package pdftex.def Info: ./fig/activity_rel_healthy_statename_Twitter_full_aggr
egated.png used on input line 673.
(pdftex.def)             Requested size: 223.07211pt x 111.5309pt.

<./fig/activity_rel_sick_statename_Twitter_full_aggregated.png, id=531, 1003.75
pt x 501.875pt>
File: ./fig/activity_rel_sick_statename_Twitter_full_aggregated.png Graphic fil
e (type png)

<use ./fig/activity_rel_sick_statename_Twitter_full_aggregated.png>
Package pdftex.def Info: ./fig/activity_rel_sick_statename_Twitter_full_aggrega
ted.png used on input line 678.
(pdftex.def)             Requested size: 223.07211pt x 111.5309pt.
 [22 <./fig/ScatterTweetPop.png> <./fig/ScatterTweetPop_user.png>]
<./fig/activity_healthy_user_statename_Twitter_full_aggregated.png, id=540, 100
3.75pt x 501.875pt>
File: ./fig/activity_healthy_user_statename_Twitter_full_aggregated.png Graphic
 file (type png)

<use ./fig/activity_healthy_user_statename_Twitter_full_aggregated.png>
Package pdftex.def Info: ./fig/activity_healthy_user_statename_Twitter_full_agg
regated.png used on input line 688.
(pdftex.def)             Requested size: 223.07211pt x 111.5309pt.

<./fig/activity_sick_user_statename_Twitter_full_aggregated.png, id=541, 1003.7
5pt x 501.875pt>
File: ./fig/activity_sick_user_statename_Twitter_full_aggregated.png Graphic fi
le (type png)

<use ./fig/activity_sick_user_statename_Twitter_full_aggregated.png>
Package pdftex.def Info: ./fig/activity_sick_user_statename_Twitter_full_aggreg
ated.png used on input line 693.
(pdftex.def)             Requested size: 223.07211pt x 111.5309pt.

<./fig/activity_rel_healthy_user_statename_Twitter_full_aggregated.png, id=542,
 1003.75pt x 501.875pt>
File: ./fig/activity_rel_healthy_user_statename_Twitter_full_aggregated.png Gra
phic file (type png)

<use ./fig/activity_rel_healthy_user_statename_Twitter_full_aggregated.png>
Package pdftex.def Info: ./fig/activity_rel_healthy_user_statename_Twitter_full
_aggregated.png used on input line 700.
(pdftex.def)             Requested size: 223.07211pt x 111.5309pt.

<./fig/activity_rel_sick_user_statename_Twitter_full_aggregated.png, id=543, 10
03.75pt x 501.875pt>
File: ./fig/activity_rel_sick_user_statename_Twitter_full_aggregated.png Graphi
c file (type png)

<use ./fig/activity_rel_sick_user_statename_Twitter_full_aggregated.png>
Package pdftex.def Info: ./fig/activity_rel_sick_user_statename_Twitter_full_ag
gregated.png used on input line 705.
(pdftex.def)             Requested size: 223.07211pt x 111.5309pt.

[23 <./fig/activity_healthy_statename_Twitter_full_aggregated.png> <./fig/activ
ity_sick_statename_Twitter_full_aggregated.png> <./fig/activity_rel_healthy_sta
tename_Twitter_full_aggregated.png> <./fig/activity_rel_sick_statename_Twitter_
full_aggregated.png>]

Package natbib Warning: Citation `cdcfluview' on page 24 undefined on input lin
e 715.


Underfull \hbox (badness 10000) in paragraph at lines 715--716

 []

<./fig/cdc_twitter_comp_nat_raw.pdf, id=554, 722.7pt x 505.89pt>
File: ./fig/cdc_twitter_comp_nat_raw.pdf Graphic file (type pdf)

<use ./fig/cdc_twitter_comp_nat_raw.pdf>
Package pdftex.def Info: ./fig/cdc_twitter_comp_nat_raw.pdf used on input line 
722.
(pdftex.def)             Requested size: 223.07211pt x 156.1527pt.

<./fig/cdc_twitter_comp_nat_raw_user.pdf, id=555, 722.7pt x 505.89pt>
File: ./fig/cdc_twitter_comp_nat_raw_user.pdf Graphic file (type pdf)

<use ./fig/cdc_twitter_comp_nat_raw_user.pdf>
Package pdftex.def Info: ./fig/cdc_twitter_comp_nat_raw_user.pdf used on input 
line 727.
(pdftex.def)             Requested size: 223.07211pt x 156.1527pt.
 [24 <./fig/activity_healthy_user_statename_Twitter_full_aggregated.png> <./fig
/activity_sick_user_statename_Twitter_full_aggregated.png> <./fig/activity_rel_
healthy_user_statename_Twitter_full_aggregated.png> <./fig/activity_rel_sick_us
er_statename_Twitter_full_aggregated.png>]

Package natbib Warning: Citation `forecast' on page 25 undefined on input line 
734.


Underfull \hbox (badness 10000) in paragraph at lines 734--735

 []

<./fig/cdc_twitter_comp_nat_ma1.pdf, id=572, 722.7pt x 505.89pt>
File: ./fig/cdc_twitter_comp_nat_ma1.pdf Graphic file (type pdf)

<use ./fig/cdc_twitter_comp_nat_ma1.pdf>
Package pdftex.def Info: ./fig/cdc_twitter_comp_nat_ma1.pdf used on input line 
739.
(pdftex.def)             Requested size: 273.15117pt x 136.57668pt.

<./fig/cdc_twitter_comp_nat_ma2.pdf, id=573, 722.7pt x 505.89pt>
File: ./fig/cdc_twitter_comp_nat_ma2.pdf Graphic file (type pdf)

<use ./fig/cdc_twitter_comp_nat_ma2.pdf>
Package pdftex.def Info: ./fig/cdc_twitter_comp_nat_ma2.pdf used on input line 
745.
(pdftex.def)             Requested size: 273.15117pt x 136.57668pt.

<./fig/cdc_twitter_comp_nat_ma4.pdf, id=574, 722.7pt x 505.89pt>
File: ./fig/cdc_twitter_comp_nat_ma4.pdf Graphic file (type pdf)

<use ./fig/cdc_twitter_comp_nat_ma4.pdf>
Package pdftex.def Info: ./fig/cdc_twitter_comp_nat_ma4.pdf used on input line 
751.
(pdftex.def)             Requested size: 273.15117pt x 136.57668pt.
 [25 <./fig/cdc_twitter_comp_nat_raw.pdf> <./fig/cdc_twitter_comp_nat_raw_user.
pdf>]
<./fig/cdc_twitter_comp_regs_ma4.pdf, id=595, 722.7pt x 722.7pt>
File: ./fig/cdc_twitter_comp_regs_ma4.pdf Graphic file (type pdf)

<use ./fig/cdc_twitter_comp_regs_ma4.pdf>
Package pdftex.def Info: ./fig/cdc_twitter_comp_regs_ma4.pdf used on input line
 760.
(pdftex.def)             Requested size: 455.24411pt x 455.24826pt.
 [26 <./fig/cdc_twitter_comp_nat_ma1.pdf> <./fig/cdc_twitter_comp_nat_ma2.pdf> 
<./fig/cdc_twitter_comp_nat_ma4.pdf>]
<./fig/cdc_twitter_comp_nat_ma1_user.pdf, id=620, 722.7pt x 505.89pt>
File: ./fig/cdc_twitter_comp_nat_ma1_user.pdf Graphic file (type pdf)

<use ./fig/cdc_twitter_comp_nat_ma1_user.pdf>
Package pdftex.def Info: ./fig/cdc_twitter_comp_nat_ma1_user.pdf used on input 
line 768.
(pdftex.def)             Requested size: 273.15117pt x 136.57668pt.

<./fig/cdc_twitter_comp_nat_ma2_user.pdf, id=621, 722.7pt x 505.89pt>
File: ./fig/cdc_twitter_comp_nat_ma2_user.pdf Graphic file (type pdf)

<use ./fig/cdc_twitter_comp_nat_ma2_user.pdf>
Package pdftex.def Info: ./fig/cdc_twitter_comp_nat_ma2_user.pdf used on input 
line 774.
(pdftex.def)             Requested size: 273.15117pt x 136.57668pt.

<./fig/cdc_twitter_comp_nat_ma4_user.pdf, id=622, 722.7pt x 505.89pt>
File: ./fig/cdc_twitter_comp_nat_ma4_user.pdf Graphic file (type pdf)

<use ./fig/cdc_twitter_comp_nat_ma4_user.pdf>
Package pdftex.def Info: ./fig/cdc_twitter_comp_nat_ma4_user.pdf used on input 
line 780.
(pdftex.def)             Requested size: 273.15117pt x 136.57668pt.
 [27 <./fig/cdc_twitter_comp_regs_ma4.pdf>]
<./fig/cdc_twitter_comp_regs_ma4_user.pdf, id=635, 722.7pt x 722.7pt>
File: ./fig/cdc_twitter_comp_regs_ma4_user.pdf Graphic file (type pdf)

<use ./fig/cdc_twitter_comp_regs_ma4_user.pdf>
Package pdftex.def Info: ./fig/cdc_twitter_comp_regs_ma4_user.pdf used on input
 line 790.
(pdftex.def)             Requested size: 455.24411pt x 455.24826pt.
 [28 <./fig/cdc_twitter_comp_nat_ma1_user.pdf> <./fig/cdc_twitter_comp_nat_ma2_
user.pdf> <./fig/cdc_twitter_comp_nat_ma4_user.pdf>]
Underfull \hbox (badness 10000) in paragraph at lines 796--797

 []

[29 <./fig/cdc_twitter_comp_regs_ma4_user.pdf>]
Underfull \hbox (badness 10000) in paragraph at lines 800--801

 []


Underfull \hbox (badness 10000) in paragraph at lines 802--803

 []

<./fig/cdc_twitter_comp_nat_activity_sick.pdf, id=676, 722.7pt x 505.89pt>
File: ./fig/cdc_twitter_comp_nat_activity_sick.pdf Graphic file (type pdf)

<use ./fig/cdc_twitter_comp_nat_activity_sick.pdf>
Package pdftex.def Info: ./fig/cdc_twitter_comp_nat_activity_sick.pdf used on i
nput line 807.
(pdftex.def)             Requested size: 273.14923pt x 191.20581pt.

<./fig/cdc_twitter_comp_nat_activity_sick_user.pdf, id=677, 722.7pt x 505.89pt>
File: ./fig/cdc_twitter_comp_nat_activity_sick_user.pdf Graphic file (type pdf)

<use ./fig/cdc_twitter_comp_nat_activity_sick_user.pdf>
Package pdftex.def Info: ./fig/cdc_twitter_comp_nat_activity_sick_user.pdf used
 on input line 813.
(pdftex.def)             Requested size: 273.14923pt x 191.20581pt.
 [30]
<./fig/cdc_twitter_comp_regs_activity_sick.pdf, id=687, 722.7pt x 722.7pt>
File: ./fig/cdc_twitter_comp_regs_activity_sick.pdf Graphic file (type pdf)

<use ./fig/cdc_twitter_comp_regs_activity_sick.pdf>
Package pdftex.def Info: ./fig/cdc_twitter_comp_regs_activity_sick.pdf used on 
input line 823.
(pdftex.def)             Requested size: 455.24411pt x 455.24826pt.
 [31 <./fig/cdc_twitter_comp_nat_activity_sick.pdf> <./fig/cdc_twitter_comp_nat
_activity_sick_user.pdf>]
<./fig/cdc_twitter_comp_regs_activity_sick_user.pdf, id=705, 722.7pt x 722.7pt>
File: ./fig/cdc_twitter_comp_regs_activity_sick_user.pdf Graphic file (type pdf
)
<use ./fig/cdc_twitter_comp_regs_activity_sick_user.pdf>
Package pdftex.def Info: ./fig/cdc_twitter_comp_regs_activity_sick_user.pdf use
d on input line 830.
(pdftex.def)             Requested size: 455.24411pt x 455.24826pt.
 [32 <./fig/cdc_twitter_comp_regs_activity_sick.pdf>]
Underfull \hbox (badness 10000) in paragraph at lines 835--836

 []

<vids/Screenshot_Movie.png, id=718, 1003.75pt x 602.25pt>
File: vids/Screenshot_Movie.png Graphic file (type png)

<use vids/Screenshot_Movie.png>
Package pdftex.def Info: vids/Screenshot_Movie.png used on input line 837.
(pdftex.def)             Requested size: 501.87378pt x 301.12425pt.

Overfull \hbox (46.62967pt too wide) in paragraph at lines 837--838
 [][][][] 
 []

[33 <./fig/cdc_twitter_comp_regs_activity_sick_user.pdf>]
File: vids/Screenshot_Movie.png Graphic file (type png)

<use vids/Screenshot_Movie.png>
Package pdftex.def Info: vids/Screenshot_Movie.png used on input line 841.
(pdftex.def)             Requested size: 501.87378pt x 301.12425pt.

Overfull \hbox (46.62967pt too wide) in paragraph at lines 841--842
 [][][][] 
 []

[34 <./vids/Screenshot_Movie.png>]
<vids/ScreenshotState.png, id=739, 1003.75pt x 602.25pt>
File: vids/ScreenshotState.png Graphic file (type png)

<use vids/ScreenshotState.png>
Package pdftex.def Info: vids/ScreenshotState.png used on input line 848.
(pdftex.def)             Requested size: 501.87378pt x 301.12425pt.

Overfull \hbox (46.62967pt too wide) in paragraph at lines 848--849
 [][][][] 
 []

File: vids/ScreenshotState.png Graphic file (type png)
<use vids/ScreenshotState.png>
Package pdftex.def Info: vids/ScreenshotState.png used on input line 852.
(pdftex.def)             Requested size: 501.87378pt x 301.12425pt.

Overfull \hbox (46.62967pt too wide) in paragraph at lines 852--853
 [][][][] 
 []

[35 <./vids/ScreenshotState.png>]
<vids/Screenshot_Jersey.png, id=747, 1003.75pt x 602.25pt>
File: vids/Screenshot_Jersey.png Graphic file (type png)

<use vids/Screenshot_Jersey.png>
Package pdftex.def Info: vids/Screenshot_Jersey.png used on input line 861.
(pdftex.def)             Requested size: 501.87378pt x 301.12425pt.

Overfull \hbox (46.62967pt too wide) in paragraph at lines 861--862
 [][][][] 
 []

[36] <vids/Screenshot_Oregon.png, id=754, 1003.75pt x 602.25pt>
File: vids/Screenshot_Oregon.png Graphic file (type png)

<use vids/Screenshot_Oregon.png>
Package pdftex.def Info: vids/Screenshot_Oregon.png used on input line 865.
(pdftex.def)             Requested size: 501.87378pt x 301.12425pt.

Overfull \hbox (46.62967pt too wide) in paragraph at lines 865--867
[][][][] 
 []


Package hyperref Warning: Token not allowed in a PDF string (PDFDocEncoding):
(hyperref)                removing `\begingroup' on input line 868.


Package hyperref Warning: Token not allowed in a PDF string (PDFDocEncoding):
(hyperref)                removing `\let' on input line 868.


Package hyperref Warning: Token not allowed in a PDF string (PDFDocEncoding):
(hyperref)                removing `\<let>-command' on input line 868.


Package hyperref Warning: Token not allowed in a PDF string (PDFDocEncoding):
(hyperref)                removing `\NAT@ctype' on input line 868.


Package hyperref Warning: Token not allowed in a PDF string (PDFDocEncoding):
(hyperref)                removing `\z@' on input line 868.


Package hyperref Warning: Token not allowed in a PDF string (PDFDocEncoding):
(hyperref)                removing `\let' on input line 868.


Package hyperref Warning: Token not allowed in a PDF string (PDFDocEncoding):
(hyperref)                removing `\new@ifnextchar' on input line 868.


Package hyperref Warning: Token not allowed in a PDF string (PDFDocEncoding):
(hyperref)                removing `subscript' on input line 868.


Package hyperref Warning: Token not allowed in a PDF string (PDFDocEncoding):
(hyperref)                removing `subscript' on input line 868.

[37 <./vids/Screenshot_Jersey.png> <./vids/Screenshot_Oregon.png>]

Package hyperref Warning: Token not allowed in a PDF string (PDFDocEncoding):
(hyperref)                removing `\begingroup' on input line 878.


Package hyperref Warning: Token not allowed in a PDF string (PDFDocEncoding):
(hyperref)                removing `\let' on input line 878.


Package hyperref Warning: Token not allowed in a PDF string (PDFDocEncoding):
(hyperref)                removing `\<let>-command' on input line 878.


Package hyperref Warning: Token not allowed in a PDF string (PDFDocEncoding):
(hyperref)                removing `\NAT@ctype' on input line 878.


Package hyperref Warning: Token not allowed in a PDF string (PDFDocEncoding):
(hyperref)                removing `\z@' on input line 878.


Package hyperref Warning: Token not allowed in a PDF string (PDFDocEncoding):
(hyperref)                removing `\let' on input line 878.


Package hyperref Warning: Token not allowed in a PDF string (PDFDocEncoding):
(hyperref)                removing `\new@ifnextchar' on input line 878.


Package hyperref Warning: Token not allowed in a PDF string (PDFDocEncoding):
(hyperref)                removing `subscript' on input line 878.


Package hyperref Warning: Token not allowed in a PDF string (PDFDocEncoding):
(hyperref)                removing `subscript' on input line 878.

[38] [39]
File: ./fig/todd_bodnar_SIR.png Graphic file (type png)
 <use ./fig/todd_bodnar_SIR.png>
Package pdftex.def Info: ./fig/todd_bodnar_SIR.png used on input line 911.
(pdftex.def)             Requested size: 295.89398pt x 147.94907pt.

<./fig/SIR_model_cdc_data_25.pdf, id=807, 578.16pt x 325.215pt>
File: ./fig/SIR_model_cdc_data_25.pdf Graphic file (type pdf)

<use ./fig/SIR_model_cdc_data_25.pdf>
Package pdftex.def Info: ./fig/SIR_model_cdc_data_25.pdf used on input line 917
.
(pdftex.def)             Requested size: 273.14676pt x 136.57448pt.

<./fig/SIR_model_full_model_25.pdf, id=808, 578.16pt x 325.215pt>
File: ./fig/SIR_model_full_model_25.pdf Graphic file (type pdf)

<use ./fig/SIR_model_full_model_25.pdf>
Package pdftex.def Info: ./fig/SIR_model_full_model_25.pdf used on input line 9
23.
(pdftex.def)             Requested size: 273.14676pt x 136.57448pt.
 [40]

LaTeX Warning: Reference `tab_nationalparams_replicated' on page 41 undefined o
n input line 931.


LaTeX Warning: Reference `tab_nationalparams' on page 41 undefined on input lin
e 931.

[41 <./fig/SIR_model_cdc_data_25.pdf> <./fig/SIR_model_full_model_25.pdf>]
[42]
Chapter 4.
[43

]

Package hyperref Warning: Token not allowed in a PDF string (PDFDocEncoding):
(hyperref)                removing `\begingroup' on input line 974.


Package hyperref Warning: Token not allowed in a PDF string (PDFDocEncoding):
(hyperref)                removing `\let' on input line 974.


Package hyperref Warning: Token not allowed in a PDF string (PDFDocEncoding):
(hyperref)                removing `\<let>-command' on input line 974.


Package hyperref Warning: Token not allowed in a PDF string (PDFDocEncoding):
(hyperref)                removing `\NAT@ctype' on input line 974.


Package hyperref Warning: Token not allowed in a PDF string (PDFDocEncoding):
(hyperref)                removing `\z@' on input line 974.


Package hyperref Warning: Token not allowed in a PDF string (PDFDocEncoding):
(hyperref)                removing `\let' on input line 974.


Package hyperref Warning: Token not allowed in a PDF string (PDFDocEncoding):
(hyperref)                removing `\new@ifnextchar' on input line 974.


Package hyperref Warning: Token not allowed in a PDF string (PDFDocEncoding):
(hyperref)                removing `subscript' on input line 974.


Package hyperref Warning: Token not allowed in a PDF string (PDFDocEncoding):
(hyperref)                removing `subscript' on input line 974.

[44] [45] [46] (./DoesTheBlueBirdGetTheFlu_V2.bbl
LaTeX Font Info:    Try loading font information for OMS+cmr on input line 82.

(/usr/share/texlive/texmf-dist/tex/latex/base/omscmr.fd
File: omscmr.fd 2014/09/29 v2.5h Standard LaTeX font definitions
)
LaTeX Font Info:    Font shape `OMS/cmr/m/n' in size <10.95> not available
(Font)              Font shape `OMS/cmsy/m/n' tried instead on input line 82.
 [47

] [48]) [49]
No file packages.bbl.
LaTeX Font Info:    Font shape `OT1/phv/bx/n' in size <9> not available
(Font)              Font shape `OT1/phv/b/n' tried instead on input line 1039.

Package natbib Warning: There were undefined citations.

Package atveryend Info: Empty hook `BeforeClearDocument' on input line 1051.
[50]
Package atveryend Info: Empty hook `AfterLastShipout' on input line 1051.
 (./DoesTheBlueBirdGetTheFlu_V2.aux)
Package atveryend Info: Executing hook `AtVeryEndDocument' on input line 1051.
Package atveryend Info: Executing hook `AtEndAfterFileList' on input line 1051.

Package rerunfilecheck Info: File `DoesTheBlueBirdGetTheFlu_V2.out' has not cha
nged.
(rerunfilecheck)             Checksum: 2C6816830C2D1377CCDF2E16B16AD770;1965.


LaTeX Warning: There were undefined references.


LaTeX Warning: There were multiply-defined labels.

Package atveryend Info: Empty hook `AtVeryVeryEnd' on input line 1051.
 ) 
Here is how much of TeX's memory you used:
 10048 strings out of 494953
 155699 string characters out of 6180977
 247684 words of memory out of 5000000
 12937 multiletter control sequences out of 15000+600000
 28765 words of font info for 73 fonts, out of 8000000 for 9000
 14 hyphenation exceptions out of 8191
 42i,12n,45p,1888b,488s stack positions out of 5000i,500n,10000p,200000b,80000s
 </home/drosoneuro/.texmf-var/fonts/pk/ljfour/jknappen/ec/tcrm1095.600pk>{/us
r/share/texlive/texmf-dist/fonts/enc/dvips/base/8r.enc}</usr/share/texlive/texm
f-dist/fonts/type1/public/amsfonts/cm/cmbx10.pfb></usr/share/texlive/texmf-dist
/fonts/type1/public/amsfonts/cm/cmbx12.pfb></usr/share/texlive/texmf-dist/fonts
/type1/public/amsfonts/cm/cmbx9.pfb></usr/share/texlive/texmf-dist/fonts/type1/
public/amsfonts/cm/cmbxti10.pfb></usr/share/texlive/texmf-dist/fonts/type1/publ
ic/amsfonts/cm/cmex10.pfb></usr/share/texlive/texmf-dist/fonts/type1/public/ams
fonts/cm/cmmi10.pfb></usr/share/texlive/texmf-dist/fonts/type1/public/amsfonts/
cm/cmmi8.pfb></usr/share/texlive/texmf-dist/fonts/type1/public/amsfonts/cm/cmmi
9.pfb></usr/share/texlive/texmf-dist/fonts/type1/public/amsfonts/cm/cmr10.pfb><
/usr/share/texlive/texmf-dist/fonts/type1/public/amsfonts/cm/cmr6.pfb></usr/sha
re/texlive/texmf-dist/fonts/type1/public/amsfonts/cm/cmr8.pfb></usr/share/texli
ve/texmf-dist/fonts/type1/public/amsfonts/cm/cmr9.pfb></usr/share/texlive/texmf
-dist/fonts/type1/public/amsfonts/cm/cmsy10.pfb></usr/share/texlive/texmf-dist/
fonts/type1/public/amsfonts/cm/cmsy8.pfb></usr/share/texlive/texmf-dist/fonts/t
ype1/public/amsfonts/cm/cmsy9.pfb></usr/share/texlive/texmf-dist/fonts/type1/pu
blic/amsfonts/cm/cmti10.pfb></usr/share/texlive/texmf-dist/fonts/type1/public/a
msfonts/cm/cmti8.pfb></usr/share/texlive/texmf-dist/fonts/type1/public/amsfonts
/cm/cmtt10.pfb></usr/share/texlive/texmf-dist/fonts/type1/urw/helvetic/uhvb8a.p
fb></usr/share/texlive/texmf-dist/fonts/type1/urw/helvetic/uhvr8a.pfb></usr/sha
re/texlive/texmf-dist/fonts/type1/urw/helvetic/uhvro8a.pfb>
Output written on DoesTheBlueBirdGetTheFlu_V2.pdf (53 pages, 1934961 bytes).
PDF statistics:
 1023 PDF objects out of 1200 (max. 8388607)
 839 compressed objects within 9 object streams
 153 named destinations out of 1000 (max. 500000)
 420 words of extra memory for PDF output out of 10000 (max. 10000000)

