This is pdfTeX, Version 3.1415926-2.4-1.40.13 (TeX Live 2012) (format=pdflatex 2013.11.8)  1 OCT 2015 12:15
entering extended mode
 restricted \write18 enabled.
 %&-line parsing enabled.
**ToddBodnar-Dissertation.tex
(./ToddBodnar-Dissertation.tex
LaTeX2e <2011/06/27>
Babel <v3.8m> and hyphenation patterns for english, dumylang, nohyphenation, ge
rman-x-2012-05-30, ngerman-x-2012-05-30, afrikaans, ancientgreek, ibycus, arabi
c, armenian, basque, bulgarian, catalan, pinyin, coptic, croatian, czech, danis
h, dutch, ukenglish, usenglishmax, esperanto, estonian, ethiopic, farsi, finnis
h, french, friulan, galician, german, ngerman, swissgerman, monogreek, greek, h
ungarian, icelandic, assamese, bengali, gujarati, hindi, kannada, malayalam, ma
rathi, oriya, panjabi, tamil, telugu, indonesian, interlingua, irish, italian, 
kurmanji, latin, latvian, lithuanian, mongolian, mongolianlmc, bokmal, nynorsk,
 polish, portuguese, romanian, romansh, russian, sanskrit, serbian, serbianc, s
lovak, slovenian, spanish, swedish, turkish, turkmen, ukrainian, uppersorbian, 
welsh, loaded.
(./psuthesis.cls
Document Class: psuthesis 2013/10/18 v2.4.0 psuthesis class
(/usr/local/texlive/2012/texmf-dist/tex/latex/base/ifthen.sty
Package: ifthen 2001/05/26 v1.1c Standard LaTeX ifthen package (DPC)
)
(/usr/local/texlive/2012/texmf-dist/tex/latex/base/book.cls
Document Class: book 2007/10/19 v1.4h Standard LaTeX document class
(/usr/local/texlive/2012/texmf-dist/tex/latex/base/bk12.clo
File: bk12.clo 2007/10/19 v1.4h Standard LaTeX file (size option)
)
\c@part=\count79
\c@chapter=\count80
\c@section=\count81
\c@subsection=\count82
\c@subsubsection=\count83
\c@paragraph=\count84
\c@subparagraph=\count85
\c@figure=\count86
\c@table=\count87
\abovecaptionskip=\skip41
\belowcaptionskip=\skip42
\bibindent=\dimen102
)
(/usr/local/texlive/2012/texmf-dist/tex/latex/tools/calc.sty
Package: calc 2007/08/22 v4.3 Infix arithmetic (KKT,FJ)
\calc@Acount=\count88
\calc@Bcount=\count89
\calc@Adimen=\dimen103
\calc@Bdimen=\dimen104
\calc@Askip=\skip43
\calc@Bskip=\skip44
LaTeX Info: Redefining \setlength on input line 76.
LaTeX Info: Redefining \addtolength on input line 77.
\calc@Ccount=\count90
\calc@Cskip=\skip45
)
(/usr/local/texlive/2012/texmf-dist/tex/latex/setspace/setspace.sty
Package: setspace 2011/12/19 v6.7a set line spacing
)
(/usr/local/texlive/2012/texmf-dist/tex/latex/tocloft/tocloft.sty
Package: tocloft 2010/10/13 v2.3e parameterised ToC, etc., typesetting
Package tocloft Info: The document has chapter divisions on input line 43.
\cftparskip=\skip46
\cftbeforetoctitleskip=\skip47
\cftaftertoctitleskip=\skip48
\cftbeforepartskip=\skip49
\cftpartnumwidth=\skip50
\cftpartindent=\skip51
\cftbeforechapskip=\skip52
\cftchapindent=\skip53
\cftchapnumwidth=\skip54
\cftbeforesecskip=\skip55
\cftsecindent=\skip56
\cftsecnumwidth=\skip57
\cftbeforesubsecskip=\skip58
\cftsubsecindent=\skip59
\cftsubsecnumwidth=\skip60
\cftbeforesubsubsecskip=\skip61
\cftsubsubsecindent=\skip62
\cftsubsubsecnumwidth=\skip63
\cftbeforeparaskip=\skip64
\cftparaindent=\skip65
\cftparanumwidth=\skip66
\cftbeforesubparaskip=\skip67
\cftsubparaindent=\skip68
\cftsubparanumwidth=\skip69
\cftbeforeloftitleskip=\skip70
\cftafterloftitleskip=\skip71
\cftbeforefigskip=\skip72
\cftfigindent=\skip73
\cftfignumwidth=\skip74
\c@lofdepth=\count91
\c@lotdepth=\count92
\cftbeforelottitleskip=\skip75
\cftafterlottitleskip=\skip76
\cftbeforetabskip=\skip77
\cfttabindent=\skip78
\cfttabnumwidth=\skip79
)
(/usr/local/texlive/2012/texmf-dist/tex/latex/fancyhdr/fancyhdr.sty
\fancy@headwidth=\skip80
\f@ncyO@elh=\skip81
\f@ncyO@erh=\skip82
\f@ncyO@olh=\skip83
\f@ncyO@orh=\skip84
\f@ncyO@elf=\skip85
\f@ncyO@erf=\skip86
\f@ncyO@olf=\skip87
\f@ncyO@orf=\skip88
)
(/usr/local/texlive/2012/texmf-dist/tex/latex/textcase/textcase.sty
Package: textcase 2004/10/07 v0.07 Text only upper/lower case changing (DPC)
)
\mylength=\skip89
\mylonglength=\skip90
\tempbox=\box26
\psu@sigoptionskip=\skip91
\psu@sigafteroptionskip=\skip92
\psu@intersigspace=\skip93
)
(/usr/local/texlive/2012/texmf-dist/tex/latex/base/fontenc.sty
Package: fontenc 2005/09/27 v1.99g Standard LaTeX package

(/usr/local/texlive/2012/texmf-dist/tex/latex/base/t1enc.def
File: t1enc.def 2005/09/27 v1.99g Standard LaTeX file
LaTeX Font Info:    Redeclaring font encoding T1 on input line 43.
))
(/usr/local/texlive/2012/texmf-dist/tex/latex/lm/lmodern.sty
Package: lmodern 2009/10/30 v1.6 Latin Modern Fonts
LaTeX Font Info:    Overwriting symbol font `operators' in version `normal'
(Font)                  OT1/cmr/m/n --> OT1/lmr/m/n on input line 22.
LaTeX Font Info:    Overwriting symbol font `letters' in version `normal'
(Font)                  OML/cmm/m/it --> OML/lmm/m/it on input line 23.
LaTeX Font Info:    Overwriting symbol font `symbols' in version `normal'
(Font)                  OMS/cmsy/m/n --> OMS/lmsy/m/n on input line 24.
LaTeX Font Info:    Overwriting symbol font `largesymbols' in version `normal'
(Font)                  OMX/cmex/m/n --> OMX/lmex/m/n on input line 25.
LaTeX Font Info:    Overwriting symbol font `operators' in version `bold'
(Font)                  OT1/cmr/bx/n --> OT1/lmr/bx/n on input line 26.
LaTeX Font Info:    Overwriting symbol font `letters' in version `bold'
(Font)                  OML/cmm/b/it --> OML/lmm/b/it on input line 27.
LaTeX Font Info:    Overwriting symbol font `symbols' in version `bold'
(Font)                  OMS/cmsy/b/n --> OMS/lmsy/b/n on input line 28.
LaTeX Font Info:    Overwriting symbol font `largesymbols' in version `bold'
(Font)                  OMX/cmex/m/n --> OMX/lmex/m/n on input line 29.
LaTeX Font Info:    Overwriting math alphabet `\mathbf' in version `normal'
(Font)                  OT1/cmr/bx/n --> OT1/lmr/bx/n on input line 31.
LaTeX Font Info:    Overwriting math alphabet `\mathsf' in version `normal'
(Font)                  OT1/cmss/m/n --> OT1/lmss/m/n on input line 32.
LaTeX Font Info:    Overwriting math alphabet `\mathit' in version `normal'
(Font)                  OT1/cmr/m/it --> OT1/lmr/m/it on input line 33.
LaTeX Font Info:    Overwriting math alphabet `\mathtt' in version `normal'
(Font)                  OT1/cmtt/m/n --> OT1/lmtt/m/n on input line 34.
LaTeX Font Info:    Overwriting math alphabet `\mathbf' in version `bold'
(Font)                  OT1/cmr/bx/n --> OT1/lmr/bx/n on input line 35.
LaTeX Font Info:    Overwriting math alphabet `\mathsf' in version `bold'
(Font)                  OT1/cmss/bx/n --> OT1/lmss/bx/n on input line 36.
LaTeX Font Info:    Overwriting math alphabet `\mathit' in version `bold'
(Font)                  OT1/cmr/bx/it --> OT1/lmr/bx/it on input line 37.
LaTeX Font Info:    Overwriting math alphabet `\mathtt' in version `bold'
(Font)                  OT1/cmtt/m/n --> OT1/lmtt/m/n on input line 38.
)
(/usr/local/texlive/2012/texmf-dist/tex/latex/base/textcomp.sty
Package: textcomp 2005/09/27 v1.99g Standard LaTeX package
Package textcomp Info: Sub-encoding information:
(textcomp)               5 = only ISO-Adobe without \textcurrency
(textcomp)               4 = 5 + \texteuro
(textcomp)               3 = 4 + \textohm
(textcomp)               2 = 3 + \textestimated + \textcurrency
(textcomp)               1 = TS1 - \textcircled - \t
(textcomp)               0 = TS1 (full)
(textcomp)             Font families with sub-encoding setting implement
(textcomp)             only a restricted character set as indicated.
(textcomp)             Family '?' is the default used for unknown fonts.
(textcomp)             See the documentation for details.
Package textcomp Info: Setting ? sub-encoding to TS1/1 on input line 71.

(/usr/local/texlive/2012/texmf-dist/tex/latex/base/ts1enc.def
File: ts1enc.def 2001/06/05 v3.0e (jk/car/fm) Standard LaTeX file
)
LaTeX Info: Redefining \oldstylenums on input line 266.
Package textcomp Info: Setting cmr sub-encoding to TS1/0 on input line 281.
Package textcomp Info: Setting cmss sub-encoding to TS1/0 on input line 282.
Package textcomp Info: Setting cmtt sub-encoding to TS1/0 on input line 283.
Package textcomp Info: Setting cmvtt sub-encoding to TS1/0 on input line 284.
Package textcomp Info: Setting cmbr sub-encoding to TS1/0 on input line 285.
Package textcomp Info: Setting cmtl sub-encoding to TS1/0 on input line 286.
Package textcomp Info: Setting ccr sub-encoding to TS1/0 on input line 287.
Package textcomp Info: Setting ptm sub-encoding to TS1/4 on input line 288.
Package textcomp Info: Setting pcr sub-encoding to TS1/4 on input line 289.
Package textcomp Info: Setting phv sub-encoding to TS1/4 on input line 290.
Package textcomp Info: Setting ppl sub-encoding to TS1/3 on input line 291.
Package textcomp Info: Setting pag sub-encoding to TS1/4 on input line 292.
Package textcomp Info: Setting pbk sub-encoding to TS1/4 on input line 293.
Package textcomp Info: Setting pnc sub-encoding to TS1/4 on input line 294.
Package textcomp Info: Setting pzc sub-encoding to TS1/4 on input line 295.
Package textcomp Info: Setting bch sub-encoding to TS1/4 on input line 296.
Package textcomp Info: Setting put sub-encoding to TS1/5 on input line 297.
Package textcomp Info: Setting uag sub-encoding to TS1/5 on input line 298.
Package textcomp Info: Setting ugq sub-encoding to TS1/5 on input line 299.
Package textcomp Info: Setting ul8 sub-encoding to TS1/4 on input line 300.
Package textcomp Info: Setting ul9 sub-encoding to TS1/4 on input line 301.
Package textcomp Info: Setting augie sub-encoding to TS1/5 on input line 302.
Package textcomp Info: Setting dayrom sub-encoding to TS1/3 on input line 303.
Package textcomp Info: Setting dayroms sub-encoding to TS1/3 on input line 304.

Package textcomp Info: Setting pxr sub-encoding to TS1/0 on input line 305.
Package textcomp Info: Setting pxss sub-encoding to TS1/0 on input line 306.
Package textcomp Info: Setting pxtt sub-encoding to TS1/0 on input line 307.
Package textcomp Info: Setting txr sub-encoding to TS1/0 on input line 308.
Package textcomp Info: Setting txss sub-encoding to TS1/0 on input line 309.
Package textcomp Info: Setting txtt sub-encoding to TS1/0 on input line 310.
Package textcomp Info: Setting lmr sub-encoding to TS1/0 on input line 311.
Package textcomp Info: Setting lmdh sub-encoding to TS1/0 on input line 312.
Package textcomp Info: Setting lmss sub-encoding to TS1/0 on input line 313.
Package textcomp Info: Setting lmssq sub-encoding to TS1/0 on input line 314.
Package textcomp Info: Setting lmvtt sub-encoding to TS1/0 on input line 315.
Package textcomp Info: Setting qhv sub-encoding to TS1/0 on input line 316.
Package textcomp Info: Setting qag sub-encoding to TS1/0 on input line 317.
Package textcomp Info: Setting qbk sub-encoding to TS1/0 on input line 318.
Package textcomp Info: Setting qcr sub-encoding to TS1/0 on input line 319.
Package textcomp Info: Setting qcs sub-encoding to TS1/0 on input line 320.
Package textcomp Info: Setting qpl sub-encoding to TS1/0 on input line 321.
Package textcomp Info: Setting qtm sub-encoding to TS1/0 on input line 322.
Package textcomp Info: Setting qzc sub-encoding to TS1/0 on input line 323.
Package textcomp Info: Setting qhvc sub-encoding to TS1/0 on input line 324.
Package textcomp Info: Setting futs sub-encoding to TS1/4 on input line 325.
Package textcomp Info: Setting futx sub-encoding to TS1/4 on input line 326.
Package textcomp Info: Setting futj sub-encoding to TS1/4 on input line 327.
Package textcomp Info: Setting hlh sub-encoding to TS1/3 on input line 328.
Package textcomp Info: Setting hls sub-encoding to TS1/3 on input line 329.
Package textcomp Info: Setting hlst sub-encoding to TS1/3 on input line 330.
Package textcomp Info: Setting hlct sub-encoding to TS1/5 on input line 331.
Package textcomp Info: Setting hlx sub-encoding to TS1/5 on input line 332.
Package textcomp Info: Setting hlce sub-encoding to TS1/5 on input line 333.
Package textcomp Info: Setting hlcn sub-encoding to TS1/5 on input line 334.
Package textcomp Info: Setting hlcw sub-encoding to TS1/5 on input line 335.
Package textcomp Info: Setting hlcf sub-encoding to TS1/5 on input line 336.
Package textcomp Info: Setting pplx sub-encoding to TS1/3 on input line 337.
Package textcomp Info: Setting pplj sub-encoding to TS1/3 on input line 338.
Package textcomp Info: Setting ptmx sub-encoding to TS1/4 on input line 339.
Package textcomp Info: Setting ptmj sub-encoding to TS1/4 on input line 340.
)
(/usr/local/texlive/2012/texmf-dist/tex/latex/microtype/microtype.sty
Package: microtype 2010/01/10 v2.4 Micro-typography with pdfTeX (RS)

(/usr/local/texlive/2012/texmf-dist/tex/latex/graphics/keyval.sty
Package: keyval 1999/03/16 v1.13 key=value parser (DPC)
\KV@toks@=\toks14
)
\MT@toks=\toks15
\MT@count=\count93
LaTeX Info: Redefining \lsstyle on input line 1597.
LaTeX Info: Redefining \lslig on input line 1597.
\MT@outer@space=\skip94
LaTeX Info: Redefining \textls on input line 1605.
\MT@outer@kern=\dimen105
LaTeX Info: Redefining \textmicrotypecontext on input line 2156.
Package microtype Info: Loading configuration file microtype.cfg.

(/usr/local/texlive/2012/texmf-dist/tex/latex/microtype/microtype.cfg
File: microtype.cfg 2010/01/10 v2.4 microtype main configuration file (RS)
))
(/usr/local/texlive/2012/texmf-dist/tex/latex/caption/caption.sty
Package: caption 2012/02/19 v3.2f Customizing captions (AR)

(/usr/local/texlive/2012/texmf-dist/tex/latex/caption/caption3.sty
Package: caption3 2012/01/12 v1.4b caption3 kernel (AR)
\captionmargin=\dimen106
\captionmargin@=\dimen107
\captionwidth=\dimen108
\caption@indent=\dimen109
\caption@parindent=\dimen110
\caption@hangindent=\dimen111
Package caption Info: Unknown document class (or package),
(caption)             standard defaults will be used.
)

Package caption Warning: Unsupported document class (or package) detected,
(caption)                usage of the caption package is not recommended.
See the caption package documentation for explanation.

Package caption Info: \@makecaption = \long macro:#1#2->\vspace {7pt}\sbox {\te
mpbox }{\small \textbf {#1.} #2}\ifthenelse {\lengthtest {\wd \tempbox > \linew
idth }}{\small \textbf {#1.} #2\par }{\centering \small \textbf {#1.} #2}.
\c@ContinuedFloat=\count94
) (/usr/local/texlive/2012/texmf-dist/tex/latex/multirow/multirow.sty
\bigstrutjot=\dimen112
)
(/usr/local/texlive/2012/texmf-dist/tex/latex/tools/longtable.sty
Package: longtable 2004/02/01 v4.11 Multi-page Table package (DPC)
\LTleft=\skip95
\LTright=\skip96
\LTpre=\skip97
\LTpost=\skip98
\LTchunksize=\count95
\LTcapwidth=\dimen113
\LT@head=\box27
\LT@firsthead=\box28
\LT@foot=\box29
\LT@lastfoot=\box30
\LT@cols=\count96
\LT@rows=\count97
\c@LT@tables=\count98
\c@LT@chunks=\count99
\LT@p@ftn=\toks16
)
(/usr/local/texlive/2012/texmf-dist/tex/latex/etaremune/etaremune.sty
Package: etaremune 2005/06/01 v1.2 Reversed enumerate (HA)

(/usr/local/texlive/2012/texmf-dist/tex/latex/xkeyval/xkeyval.sty
Package: xkeyval 2008/08/13 v2.6a package option processing (HA)

(/usr/local/texlive/2012/texmf-dist/tex/generic/xkeyval/xkeyval.tex
\XKV@toks=\toks17
\XKV@tempa@toks=\toks18
\XKV@depth=\count100
File: xkeyval.tex 2008/08/13 v2.6a key=value parser (HA)
))
\c@EM@itemctr=\count101
\c@EM@etaremunectr=\count102
)
(/usr/local/texlive/2012/texmf-dist/tex/latex/tools/enumerate.sty
Package: enumerate 1999/03/05 v3.00 enumerate extensions (DPC)
\@enLab=\toks19
)
(/usr/local/texlive/2012/texmf-dist/tex/latex/amsmath/amsmath.sty
Package: amsmath 2000/07/18 v2.13 AMS math features
\@mathmargin=\skip99

For additional information on amsmath, use the `?' option.
(/usr/local/texlive/2012/texmf-dist/tex/latex/amsmath/amstext.sty
Package: amstext 2000/06/29 v2.01

(/usr/local/texlive/2012/texmf-dist/tex/latex/amsmath/amsgen.sty
File: amsgen.sty 1999/11/30 v2.0
\@emptytoks=\toks20
\ex@=\dimen114
))
(/usr/local/texlive/2012/texmf-dist/tex/latex/amsmath/amsbsy.sty
Package: amsbsy 1999/11/29 v1.2d
\pmbraise@=\dimen115
)
(/usr/local/texlive/2012/texmf-dist/tex/latex/amsmath/amsopn.sty
Package: amsopn 1999/12/14 v2.01 operator names
)
\inf@bad=\count103
LaTeX Info: Redefining \frac on input line 211.
\uproot@=\count104
\leftroot@=\count105
LaTeX Info: Redefining \overline on input line 307.
\classnum@=\count106
\DOTSCASE@=\count107
LaTeX Info: Redefining \ldots on input line 379.
LaTeX Info: Redefining \dots on input line 382.
LaTeX Info: Redefining \cdots on input line 467.
\Mathstrutbox@=\box31
\strutbox@=\box32
\big@size=\dimen116
LaTeX Font Info:    Redeclaring font encoding OML on input line 567.
LaTeX Font Info:    Redeclaring font encoding OMS on input line 568.
\macc@depth=\count108
\c@MaxMatrixCols=\count109
\dotsspace@=\muskip10
\c@parentequation=\count110
\dspbrk@lvl=\count111
\tag@help=\toks21
\row@=\count112
\column@=\count113
\maxfields@=\count114
\andhelp@=\toks22
\eqnshift@=\dimen117
\alignsep@=\dimen118
\tagshift@=\dimen119
\tagwidth@=\dimen120
\totwidth@=\dimen121
\lineht@=\dimen122
\@envbody=\toks23
\multlinegap=\skip100
\multlinetaggap=\skip101
\mathdisplay@stack=\toks24
LaTeX Info: Redefining \[ on input line 2666.
LaTeX Info: Redefining \] on input line 2667.
)
(/usr/local/texlive/2012/texmf-dist/tex/latex/amsfonts/amssymb.sty
Package: amssymb 2009/06/22 v3.00

(/usr/local/texlive/2012/texmf-dist/tex/latex/amsfonts/amsfonts.sty
Package: amsfonts 2009/06/22 v3.00 Basic AMSFonts support
\symAMSa=\mathgroup4
\symAMSb=\mathgroup5
LaTeX Font Info:    Overwriting math alphabet `\mathfrak' in version `bold'
(Font)                  U/euf/m/n --> U/euf/b/n on input line 96.
))
(/usr/local/texlive/2012/texmf-dist/tex/latex/eqlist/eqlist.sty
eqlist.sty by M. Vaeth: Revision 2.1
Package: eqlist 2002/08/15 v2.1
(/usr/local/texlive/2012/texmf-dist/tex/latex/eqparbox/eqparbox.sty
Package: eqparbox 2010/01/01 v3.1 Create equal-widthed boxes
\eqp@tempdima=\skip102
\eqp@tempdimb=\skip103

(/usr/local/texlive/2012/texmf-dist/tex/latex/tools/array.sty
Package: array 2008/09/09 v2.4c Tabular extension package (FMi)
\col@sep=\dimen123
\extrarowheight=\dimen124
\NC@list=\toks25
\extratabsurround=\skip104
\backup@length=\skip105
))
\eql@cnt=\count115
)
(/usr/local/texlive/2012/texmf-dist/tex/latex/graphics/graphicx.sty
Package: graphicx 1999/02/16 v1.0f Enhanced LaTeX Graphics (DPC,SPQR)

(/usr/local/texlive/2012/texmf-dist/tex/latex/graphics/graphics.sty
Package: graphics 2009/02/05 v1.0o Standard LaTeX Graphics (DPC,SPQR)

(/usr/local/texlive/2012/texmf-dist/tex/latex/graphics/trig.sty
Package: trig 1999/03/16 v1.09 sin cos tan (DPC)
)
(/usr/local/texlive/2012/texmf-dist/tex/latex/latexconfig/graphics.cfg
File: graphics.cfg 2010/04/23 v1.9 graphics configuration of TeX Live
)
Package graphics Info: Driver file: pdftex.def on input line 91.

(/usr/local/texlive/2012/texmf-dist/tex/latex/pdftex-def/pdftex.def
File: pdftex.def 2011/05/27 v0.06d Graphics/color for pdfTeX

(/usr/local/texlive/2012/texmf-dist/tex/generic/oberdiek/infwarerr.sty
Package: infwarerr 2010/04/08 v1.3 Providing info/warning/error messages (HO)
)
(/usr/local/texlive/2012/texmf-dist/tex/generic/oberdiek/ltxcmds.sty
Package: ltxcmds 2011/11/09 v1.22 LaTeX kernel commands for general use (HO)
)
\Gread@gobject=\count116
))
\Gin@req@height=\dimen125
\Gin@req@width=\dimen126
)
(/usr/local/texlive/2012/texmf-dist/tex/latex/graphics/color.sty
Package: color 2005/11/14 v1.0j Standard LaTeX Color (DPC)

(/usr/local/texlive/2012/texmf-dist/tex/latex/latexconfig/color.cfg
File: color.cfg 2007/01/18 v1.5 color configuration of teTeX/TeXLive
)
Package color Info: Driver file: pdftex.def on input line 130.

(/usr/local/texlive/2012/texmf-dist/tex/latex/graphics/dvipsnam.def
File: dvipsnam.def 1999/02/16 v3.0i Driver-dependant file (DPC,SPQR)
))
(/usr/local/texlive/2012/texmf-dist/tex/latex/caption/subcaption.sty
Package: subcaption 2012/01/12 v1.1d Sub-captions (AR)
\c@subfigure=\count117
\c@subtable=\count118
)
(/usr/local/texlive/2012/texmf-dist/tex/latex/booktabs/booktabs.sty
Package: booktabs 2005/04/14 v1.61803 publication quality tables
\heavyrulewidth=\dimen127
\lightrulewidth=\dimen128
\cmidrulewidth=\dimen129
\belowrulesep=\dimen130
\belowbottomsep=\dimen131
\aboverulesep=\dimen132
\abovetopsep=\dimen133
\cmidrulesep=\dimen134
\cmidrulekern=\dimen135
\defaultaddspace=\dimen136
\@cmidla=\count119
\@cmidlb=\count120
\@aboverulesep=\dimen137
\@belowrulesep=\dimen138
\@thisruleclass=\count121
\@lastruleclass=\count122
\@thisrulewidth=\dimen139
)
(/usr/local/texlive/2012/texmf-dist/tex/latex/appendix/appendix.sty
Package: appendix 2009/09/02 v1.2b extra appendix facilities
\c@@pps=\count123
\c@@ppsavesec=\count124
\c@@ppsaveapp=\count125
)
(/usr/local/texlive/2012/texmf-dist/tex/latex/xcolor/xcolor.sty
Package: xcolor 2007/01/21 v2.11 LaTeX color extensions (UK)

(/usr/local/texlive/2012/texmf-dist/tex/latex/latexconfig/color.cfg
File: color.cfg 2007/01/18 v1.5 color configuration of teTeX/TeXLive
)
Package xcolor Info: Driver file: pdftex.def on input line 225.

(/usr/local/texlive/2012/texmf-dist/tex/latex/colortbl/colortbl.sty
Package: colortbl 2012/02/13 v1.0a Color table columns (DPC)
\everycr=\toks26
\minrowclearance=\skip106
)
LaTeX Info: Redefining \color on input line 702.
\rownum=\count126
Package xcolor Info: Model `cmy' substituted by `cmy0' on input line 1337.
Package xcolor Info: Model `hsb' substituted by `rgb' on input line 1341.
Package xcolor Info: Model `RGB' extended on input line 1353.
Package xcolor Info: Model `HTML' substituted by `rgb' on input line 1355.
Package xcolor Info: Model `Hsb' substituted by `hsb' on input line 1356.
Package xcolor Info: Model `tHsb' substituted by `hsb' on input line 1357.
Package xcolor Info: Model `HSB' substituted by `hsb' on input line 1358.
Package xcolor Info: Model `Gray' substituted by `gray' on input line 1359.
Package xcolor Info: Model `wave' substituted by `hsb' on input line 1360.
)
(/usr/local/texlive/2012/texmf-dist/tex/latex/cite/cite.sty
LaTeX Info: Redefining \cite on input line 302.
LaTeX Info: Redefining \nocite on input line 373.
Package: cite 2010/09/10  v 5.3
)
(/usr/local/texlive/2012/texmf-dist/tex/latex/titlesec/titlesec.sty
Package: titlesec 2011/12/15 v2.10.0 Sectioning titles
\ttl@box=\box33
\beforetitleunit=\skip107
\aftertitleunit=\skip108
\ttl@plus=\dimen140
\ttl@minus=\dimen141
\ttl@toksa=\toks27
\titlewidth=\dimen142
\titlewidthlast=\dimen143
\titlewidthfirst=\dimen144
)
(./SupplementaryMaterial/UserDefinedCommands.tex)
(/usr/local/texlive/2012/texmf-dist/tex/latex/titlesec/block.tss
File: block.tss 2011/12/15
)
(/usr/local/texlive/2012/texmf-dist/tex/latex/listings/listings.sty
\lst@mode=\count127
\lst@gtempboxa=\box34
\lst@token=\toks28
\lst@length=\count128
\lst@currlwidth=\dimen145
\lst@column=\count129
\lst@pos=\count130
\lst@lostspace=\dimen146
\lst@width=\dimen147
\lst@newlines=\count131
\lst@lineno=\count132
\lst@maxwidth=\dimen148

(/usr/local/texlive/2012/texmf-dist/tex/latex/listings/lstmisc.sty
File: lstmisc.sty 2007/02/22 1.4 (Carsten Heinz)
\c@lstnumber=\count133
\lst@skipnumbers=\count134
\lst@framebox=\box35
)
(/usr/local/texlive/2012/texmf-dist/tex/latex/listings/listings.cfg
File: listings.cfg 2007/02/22 1.4 listings configuration
))
Package: listings 2007/02/22 1.4 (Carsten Heinz)

(./ToddBodnar-Dissertation.aux (./introduction/intro.aux)
(./twitterFitting/paper.aux) (./diagnosis/Bodnar_www2014.aux)
(./longitude/main.aux) (./retweets/main.aux) (./conclusions/main.aux)
(./diagnosis/appendix.aux) (./longitude/regional_r0_table.aux)
(./longitude/all_regional_curves.aux) (./retweets/comparison_appendix.aux))
\openout1 = `ToddBodnar-Dissertation.aux'.

LaTeX Font Info:    Checking defaults for OML/cmm/m/it on input line 221.
LaTeX Font Info:    ... okay on input line 221.
LaTeX Font Info:    Checking defaults for T1/cmr/m/n on input line 221.
LaTeX Font Info:    ... okay on input line 221.
LaTeX Font Info:    Checking defaults for OT1/cmr/m/n on input line 221.
LaTeX Font Info:    ... okay on input line 221.
LaTeX Font Info:    Checking defaults for OMS/cmsy/m/n on input line 221.
LaTeX Font Info:    ... okay on input line 221.
LaTeX Font Info:    Checking defaults for OMX/cmex/m/n on input line 221.
LaTeX Font Info:    ... okay on input line 221.
LaTeX Font Info:    Checking defaults for U/cmr/m/n on input line 221.
LaTeX Font Info:    ... okay on input line 221.
LaTeX Font Info:    Checking defaults for TS1/cmr/m/n on input line 221.
LaTeX Font Info:    Try loading font information for TS1+cmr on input line 221.


(/usr/local/texlive/2012/texmf-dist/tex/latex/base/ts1cmr.fd
File: ts1cmr.fd 1999/05/25 v2.5h Standard LaTeX font definitions
)
LaTeX Font Info:    ... okay on input line 221.
LaTeX Font Info:    Try loading font information for T1+lmr on input line 221.

(/usr/local/texlive/2012/texmf-dist/tex/latex/lm/t1lmr.fd
File: t1lmr.fd 2009/10/30 v1.6 Font defs for Latin Modern
)
LaTeX Info: Redefining \microtypecontext on input line 221.
Package microtype Info: Generating PDF output.
Package microtype Info: Character protrusion enabled (level 2).
Package microtype Info: Using default protrusion set `alltext'.
Package microtype Info: Automatic font expansion enabled (level 2),
(microtype)             stretch: 20, shrink: 20, step: 1, non-selected.
Package microtype Info: Using default expansion set `basictext'.
Package microtype Info: No tracking.
Package microtype Info: No adjustment of interword spacing.
Package microtype Info: No adjustment of character kerning.

(/usr/local/texlive/2012/texmf-dist/tex/latex/microtype/mt-cmr.cfg
File: mt-cmr.cfg 2009/11/09 v2.0 microtype config. file: Computer Modern Roman 
(RS)
)
Package caption Info: Begin \AtBeginDocument code.
Package caption Info: listings package is loaded.
Package caption Info: longtable package is loaded.

(/usr/local/texlive/2012/texmf-dist/tex/latex/caption/ltcaption.sty
Package: ltcaption 2011/09/12 v1.3 longtable captions (AR)
)
Package caption Info: End \AtBeginDocument code.

(/usr/local/texlive/2012/texmf-dist/tex/context/base/supp-pdf.mkii
[Loading MPS to PDF converter (version 2006.09.02).]
\scratchcounter=\count135
\scratchdimen=\dimen149
\scratchbox=\box36
\nofMPsegments=\count136
\nofMParguments=\count137
\everyMPshowfont=\toks29
\MPscratchCnt=\count138
\MPscratchDim=\dimen150
\MPnumerator=\count139
\makeMPintoPDFobject=\count140
\everyMPtoPDFconversion=\toks30
) (/usr/local/texlive/2012/texmf-dist/tex/generic/oberdiek/pdftexcmds.sty
Package: pdftexcmds 2011/11/29 v0.20 Utility functions of pdfTeX for LuaTeX (HO
)

(/usr/local/texlive/2012/texmf-dist/tex/generic/oberdiek/ifluatex.sty
Package: ifluatex 2010/03/01 v1.3 Provides the ifluatex switch (HO)
Package ifluatex Info: LuaTeX not detected.
)
(/usr/local/texlive/2012/texmf-dist/tex/generic/oberdiek/ifpdf.sty
Package: ifpdf 2011/01/30 v2.3 Provides the ifpdf switch (HO)
Package ifpdf Info: pdfTeX in PDF mode is detected.
)
Package pdftexcmds Info: LuaTeX not detected.
Package pdftexcmds Info: \pdf@primitive is available.
Package pdftexcmds Info: \pdf@ifprimitive is available.
Package pdftexcmds Info: \pdfdraftmode found.
)
(/usr/local/texlive/2012/texmf-dist/tex/latex/oberdiek/epstopdf-base.sty
Package: epstopdf-base 2010/02/09 v2.5 Base part for package epstopdf

(/usr/local/texlive/2012/texmf-dist/tex/latex/oberdiek/grfext.sty
Package: grfext 2010/08/19 v1.1 Manage graphics extensions (HO)

(/usr/local/texlive/2012/texmf-dist/tex/generic/oberdiek/kvdefinekeys.sty
Package: kvdefinekeys 2011/04/07 v1.3 Define keys (HO)
))
(/usr/local/texlive/2012/texmf-dist/tex/latex/oberdiek/kvoptions.sty
Package: kvoptions 2011/06/30 v3.11 Key value format for package options (HO)

(/usr/local/texlive/2012/texmf-dist/tex/generic/oberdiek/kvsetkeys.sty
Package: kvsetkeys 2012/04/25 v1.16 Key value parser (HO)

(/usr/local/texlive/2012/texmf-dist/tex/generic/oberdiek/etexcmds.sty
Package: etexcmds 2011/02/16 v1.5 Avoid name clashes with e-TeX commands (HO)
Package etexcmds Info: Could not find \expanded.
(etexcmds)             That can mean that you are not using pdfTeX 1.50 or
(etexcmds)             that some package has redefined \expanded.
(etexcmds)             In the latter case, load this package earlier.
)))
Package grfext Info: Graphics extension search list:
(grfext)             [.pdf,.jpg,.eps]
(grfext)             \AppendGraphicsExtensions on input line 452.

(/usr/local/texlive/2012/texmf-dist/tex/latex/latexconfig/epstopdf-sys.cfg
File: epstopdf-sys.cfg 2010/07/13 v1.3 Configuration of (r)epstopdf for TeX Liv
e
))
\c@lstlisting=\count141
LaTeX Font Info:    Try loading font information for TS1+lmr on input line 243.


(/usr/local/texlive/2012/texmf-dist/tex/latex/lm/ts1lmr.fd
File: ts1lmr.fd 2009/10/30 v1.6 Font defs for Latin Modern
) [1


{/usr/local/texlive/2012/texmf-var/fonts/map/pdftex/updmap/pdftex.map}]
LaTeX Font Info:    Try loading font information for OT1+lmr on input line 248.


(/usr/local/texlive/2012/texmf-dist/tex/latex/lm/ot1lmr.fd
File: ot1lmr.fd 2009/10/30 v1.6 Font defs for Latin Modern
)
LaTeX Font Info:    Try loading font information for OML+lmm on input line 248.


(/usr/local/texlive/2012/texmf-dist/tex/latex/lm/omllmm.fd
File: omllmm.fd 2009/10/30 v1.6 Font defs for Latin Modern
)
LaTeX Font Info:    Try loading font information for OMS+lmsy on input line 248
.

(/usr/local/texlive/2012/texmf-dist/tex/latex/lm/omslmsy.fd
File: omslmsy.fd 2009/10/30 v1.6 Font defs for Latin Modern
)
LaTeX Font Info:    Try loading font information for OMX+lmex on input line 248
.

(/usr/local/texlive/2012/texmf-dist/tex/latex/lm/omxlmex.fd
File: omxlmex.fd 2009/10/30 v1.6 Font defs for Latin Modern
)
LaTeX Font Info:    External font `lmex10' loaded for size
(Font)              <12> on input line 248.
LaTeX Font Info:    External font `lmex10' loaded for size
(Font)              <8> on input line 248.
LaTeX Font Info:    External font `lmex10' loaded for size
(Font)              <6> on input line 248.
LaTeX Font Info:    Try loading font information for U+msa on input line 248.

(/usr/local/texlive/2012/texmf-dist/tex/latex/amsfonts/umsa.fd
File: umsa.fd 2009/06/22 v3.00 AMS symbols A
)
(/usr/local/texlive/2012/texmf-dist/tex/latex/microtype/mt-msa.cfg
File: mt-msa.cfg 2006/02/04 v1.1 microtype config. file: AMS symbols (a) (RS)
)
LaTeX Font Info:    Try loading font information for U+msb on input line 248.

(/usr/local/texlive/2012/texmf-dist/tex/latex/amsfonts/umsb.fd
File: umsb.fd 2009/06/22 v3.00 AMS symbols B
)
(/usr/local/texlive/2012/texmf-dist/tex/latex/microtype/mt-msb.cfg
File: mt-msb.cfg 2005/06/01 v1.0 microtype config. file: AMS symbols (b) (RS)
) [2]
LaTeX Font Info:    Try loading font information for T1+lmss on input line 252.


(/usr/local/texlive/2012/texmf-dist/tex/latex/lm/t1lmss.fd
File: t1lmss.fd 2009/10/30 v1.6 Font defs for Latin Modern
)
(./SupplementaryMaterial/Abstract.tex [3

]) [4] (./ToddBodnar-Dissertation.toc
[5

] [6])
\tf@toc=\write3
\openout3 = `ToddBodnar-Dissertation.toc'.

 [7] (./ToddBodnar-Dissertation.lof [8


] [9])
\tf@lof=\write4
\openout4 = `ToddBodnar-Dissertation.lof'.

 [10]
(./ToddBodnar-Dissertation.lot [11


] [12])
\tf@lot=\write5
\openout5 = `ToddBodnar-Dissertation.lot'.

 [13]
(./SupplementaryMaterial/Acknowledgments.tex) [14


] [15]
\openout2 = `introduction/intro.aux'.


(./introduction/intro.tex
Chapter 1.
[1



]
LaTeX Font Info:    External font `lmex10' loaded for size
(Font)              <10> on input line 11.
LaTeX Font Info:    External font `lmex10' loaded for size
(Font)              <7> on input line 11.
LaTeX Font Info:    External font `lmex10' loaded for size
(Font)              <5> on input line 11.
 <introduction/figures/www2013_svmr.png, id=60, 361.35pt x 209.78375pt>
File: introduction/figures/www2013_svmr.png Graphic file (type png)

<use introduction/figures/www2013_svmr.png>
Package pdftex.def Info: introduction/figures/www2013_svmr.png used on input li
ne 16.
(pdftex.def)             Requested size: 361.34912pt x 209.78322pt.
 [2] [3 <./introduction/figures/www2013_svmr.png>] [4]) [5] [6]
\openout2 = `twitterFitting/paper.aux'.

 (./twitterFitting/paper.tex
Chapter 2.
LaTeX Font Info:    Calculating math sizes for size <30> on input line 30.
LaTeX Font Info:    External font `lmex10' loaded for size
(Font)              <30> on input line 30.
LaTeX Font Info:    External font `lmex10' loaded for size
(Font)              <20.99991> on input line 30.
LaTeX Font Info:    External font `lmex10' loaded for size
(Font)              <15> on input line 30.
[7



] [8] <twitterFitting/nationalPlots2.png, id=96, 835.12pt x 1266.7325pt>
File: twitterFitting/nationalPlots2.png Graphic file (type png)

<use twitterFitting/nationalPlots2.png>
Package pdftex.def Info: twitterFitting/nationalPlots2.png used on input line 8
0.
(pdftex.def)             Requested size: 419.16621pt x 635.81946pt.


LaTeX Warning: Float too large for page by 89.52444pt on input line 83.

[9] [10] [11] [12]
<twitterFitting/RegionalPlots.png, id=111, 475.7775pt x 678.535pt>
File: twitterFitting/RegionalPlots.png Graphic file (type png)

<use twitterFitting/RegionalPlots.png>
Package pdftex.def Info: twitterFitting/RegionalPlots.png used on input line 20
2.
(pdftex.def)             Requested size: 419.16621pt x 597.82704pt.


LaTeX Warning: Float too large for page by 22.53203pt on input line 204.

) [13] [14 <./twitterFitting/nationalPlots2.png>] [15 <./twitterFitting/Regiona
lPlots.png>]
\openout2 = `diagnosis/Bodnar_www2014.aux'.

 (./diagnosis/Bodnar_www2014.tex
Chapter 3.
[16



] [17]
Package epstopdf Info: Source file: <diagnosis/figs/sick_count.eps>
(epstopdf)                    date: 2014-01-15 00:09:14
(epstopdf)                    size: 4631 bytes
(epstopdf)             Output file: <diagnosis/figs/sick_count-eps-converted-to
.pdf>
(epstopdf)                    date: 2014-01-15 00:15:06
(epstopdf)                    size: 10304 bytes
(epstopdf)             Command: <repstopdf --outfile=diagnosis/figs/sick_count-
eps-converted-to.pdf diagnosis/figs/sick_count.eps>
(epstopdf)             \includegraphics on input line 40.
Package epstopdf Info: Output file is already uptodate.

<diagnosis/figs/sick_count-eps-converted-to.pdf, id=130, 542.025pt x 379.4175pt
>
File: diagnosis/figs/sick_count-eps-converted-to.pdf Graphic file (type pdf)
 <use diagnosis/figs/sick_count-eps-converted-to.pdf>
Package pdftex.def Info: diagnosis/figs/sick_count-eps-converted-to.pdf used on
 input line 40.
(pdftex.def)             Requested size: 377.24702pt x 264.07939pt.
 [18 <./diagnosis/figs/sick_count-eps-converted-to.pdf>] (./diagnosis/tables/ke
yword_expert_odds.tex)

LaTeX Warning: `h' float specifier changed to `ht'.

[19]
Package epstopdf Info: Source file: <diagnosis/figs/key_exp_roc.eps>
(epstopdf)                    date: 2014-01-15 00:09:14
(epstopdf)                    size: 6078 bytes
(epstopdf)             Output file: <diagnosis/figs/key_exp_roc-eps-converted-t
o.pdf>
(epstopdf)                    date: 2014-01-15 00:15:07
(epstopdf)                    size: 9492 bytes
(epstopdf)             Command: <repstopdf --outfile=diagnosis/figs/key_exp_roc
-eps-converted-to.pdf diagnosis/figs/key_exp_roc.eps>
(epstopdf)             \includegraphics on input line 78.
Package epstopdf Info: Output file is already uptodate.

<diagnosis/figs/key_exp_roc-eps-converted-to.pdf, id=144, 505.89pt x 505.89pt>
File: diagnosis/figs/key_exp_roc-eps-converted-to.pdf Graphic file (type pdf)

<use diagnosis/figs/key_exp_roc-eps-converted-to.pdf>
Package pdftex.def Info: diagnosis/figs/key_exp_roc-eps-converted-to.pdf used o
n input line 78.
(pdftex.def)             Requested size: 167.66393pt x 167.6621pt.
Package epstopdf Info: Source file: <diagnosis/figs/key_dm_roc.eps>
(epstopdf)                    date: 2014-01-15 00:09:15
(epstopdf)                    size: 28036 bytes
(epstopdf)             Output file: <diagnosis/figs/key_dm_roc-eps-converted-to
.pdf>
(epstopdf)                    date: 2014-01-15 00:15:09
(epstopdf)                    size: 10734 bytes
(epstopdf)             Command: <repstopdf --outfile=diagnosis/figs/key_dm_roc-
eps-converted-to.pdf diagnosis/figs/key_dm_roc.eps>
(epstopdf)             \includegraphics on input line 81.
Package epstopdf Info: Output file is already uptodate.

<diagnosis/figs/key_dm_roc-eps-converted-to.pdf, id=145, 505.89pt x 505.89pt>
File: diagnosis/figs/key_dm_roc-eps-converted-to.pdf Graphic file (type pdf)

<use diagnosis/figs/key_dm_roc-eps-converted-to.pdf>
Package pdftex.def Info: diagnosis/figs/key_dm_roc-eps-converted-to.pdf used on
 input line 81.
(pdftex.def)             Requested size: 167.66393pt x 167.6621pt.
Package epstopdf Info: Source file: <diagnosis/figs/keyword_legend.eps>
(epstopdf)                    date: 2014-01-15 00:09:10
(epstopdf)                    size: 3670 bytes
(epstopdf)             Output file: <diagnosis/figs/keyword_legend-eps-converte
d-to.pdf>
(epstopdf)                    date: 2014-01-15 00:15:10
(epstopdf)                    size: 9413 bytes
(epstopdf)             Command: <repstopdf --outfile=diagnosis/figs/keyword_leg
end-eps-converted-to.pdf diagnosis/figs/keyword_legend.eps>
(epstopdf)             \includegraphics on input line 84.
Package epstopdf Info: Output file is already uptodate.

<diagnosis/figs/keyword_legend-eps-converted-to.pdf, id=146, 609.27625pt x 25.0
9375pt>
File: diagnosis/figs/keyword_legend-eps-converted-to.pdf Graphic file (type pdf
)
 <use diagnosis/figs/keyword_legend-eps-converted-to.pdf>
Package pdftex.def Info: diagnosis/figs/keyword_legend-eps-converted-to.pdf use
d on input line 84.
(pdftex.def)             Requested size: 377.24702pt x 15.53766pt.


LaTeX Warning: `h' float specifier changed to `ht'.

[20] [21 <./diagnosis/figs/key_exp_roc-eps-converted-to.pdf> <./diagnosis/figs/
key_dm_roc-eps-converted-to.pdf> <./diagnosis/figs/keyword_legend-eps-converted
-to.pdf>] [22]
Package epstopdf Info: Source file: <diagnosis/figs/followers_roc.eps>
(epstopdf)                    date: 2014-01-15 00:09:15
(epstopdf)                    size: 31850 bytes
(epstopdf)             Output file: <diagnosis/figs/followers_roc-eps-converted
-to.pdf>
(epstopdf)                    date: 2014-01-15 00:15:12
(epstopdf)                    size: 10237 bytes
(epstopdf)             Command: <repstopdf --outfile=diagnosis/figs/followers_r
oc-eps-converted-to.pdf diagnosis/figs/followers_roc.eps>
(epstopdf)             \includegraphics on input line 142.
Package epstopdf Info: Output file is already uptodate.

<diagnosis/figs/followers_roc-eps-converted-to.pdf, id=178, 505.89pt x 505.89pt
>
File: diagnosis/figs/followers_roc-eps-converted-to.pdf Graphic file (type pdf)

 <use diagnosis/figs/followers_roc-eps-converted-to.pdf>
Package pdftex.def Info: diagnosis/figs/followers_roc-eps-converted-to.pdf used
 on input line 142.
(pdftex.def)             Requested size: 167.66393pt x 167.6621pt.
Package epstopdf Info: Source file: <diagnosis/figs/friends_roc.eps>
(epstopdf)                    date: 2013-12-30 16:52:46
(epstopdf)                    size: 45022 bytes
(epstopdf)             Output file: <diagnosis/figs/friends_roc-eps-converted-t
o.pdf>
(epstopdf)                    date: 2013-12-30 17:16:16
(epstopdf)                    size: 11333 bytes
(epstopdf)             Command: <repstopdf --outfile=diagnosis/figs/friends_roc
-eps-converted-to.pdf diagnosis/figs/friends_roc.eps>
(epstopdf)             \includegraphics on input line 145.
Package epstopdf Info: Output file is already uptodate.

<diagnosis/figs/friends_roc-eps-converted-to.pdf, id=179, 505.89pt x 505.89pt>
File: diagnosis/figs/friends_roc-eps-converted-to.pdf Graphic file (type pdf)

<use diagnosis/figs/friends_roc-eps-converted-to.pdf>
Package pdftex.def Info: diagnosis/figs/friends_roc-eps-converted-to.pdf used o
n input line 145.
(pdftex.def)             Requested size: 167.66393pt x 167.6621pt.
Package epstopdf Info: Source file: <diagnosis/figs/keyword_legend.eps>
(epstopdf)                    date: 2014-01-15 00:09:10
(epstopdf)                    size: 3670 bytes
(epstopdf)             Output file: <diagnosis/figs/keyword_legend-eps-converte
d-to.pdf>
(epstopdf)                    date: 2014-01-15 00:15:10
(epstopdf)                    size: 9413 bytes
(epstopdf)             Command: <repstopdf --outfile=diagnosis/figs/keyword_leg
end-eps-converted-to.pdf diagnosis/figs/keyword_legend.eps>
(epstopdf)             \includegraphics on input line 148.
Package epstopdf Info: Output file is already uptodate.
File: diagnosis/figs/keyword_legend-eps-converted-to.pdf Graphic file (type pdf
)

<use diagnosis/figs/keyword_legend-eps-converted-to.pdf>
Package pdftex.def Info: diagnosis/figs/keyword_legend-eps-converted-to.pdf use
d on input line 148.
(pdftex.def)             Requested size: 377.24702pt x 15.53766pt.
 [23 <./diagnosis/figs/followers_roc-eps-converted-to.pdf> <./diagnosis/figs/fr
iends_roc-eps-converted-to.pdf>] [24]
Package epstopdf Info: Source file: <diagnosis/figs/meta_roc.eps>
(epstopdf)                    date: 2014-01-15 00:15:00
(epstopdf)                    size: 74719 bytes
(epstopdf)             Output file: <diagnosis/figs/meta_roc-eps-converted-to.p
df>
(epstopdf)                    date: 2014-01-15 00:15:14
(epstopdf)                    size: 11827 bytes
(epstopdf)             Command: <repstopdf --outfile=diagnosis/figs/meta_roc-ep
s-converted-to.pdf diagnosis/figs/meta_roc.eps>
(epstopdf)             \includegraphics on input line 198.
Package epstopdf Info: Output file is already uptodate.

<diagnosis/figs/meta_roc-eps-converted-to.pdf, id=201, 505.89pt x 505.89pt>
File: diagnosis/figs/meta_roc-eps-converted-to.pdf Graphic file (type pdf)

<use diagnosis/figs/meta_roc-eps-converted-to.pdf>
Package pdftex.def Info: diagnosis/figs/meta_roc-eps-converted-to.pdf used on i
nput line 198.
(pdftex.def)             Requested size: 167.66393pt x 167.6621pt.
Package epstopdf Info: Source file: <diagnosis/figs/meta_roc_final.eps>
(epstopdf)                    date: 2014-01-15 00:15:00
(epstopdf)                    size: 18020 bytes
(epstopdf)             Output file: <diagnosis/figs/meta_roc_final-eps-converte
d-to.pdf>
(epstopdf)                    date: 2014-01-15 00:15:15
(epstopdf)                    size: 10775 bytes
(epstopdf)             Command: <repstopdf --outfile=diagnosis/figs/meta_roc_fi
nal-eps-converted-to.pdf diagnosis/figs/meta_roc_final.eps>
(epstopdf)             \includegraphics on input line 201.
Package epstopdf Info: Output file is already uptodate.

<diagnosis/figs/meta_roc_final-eps-converted-to.pdf, id=202, 505.89pt x 505.89p
t>
File: diagnosis/figs/meta_roc_final-eps-converted-to.pdf Graphic file (type pdf
)
 <use diagnosis/figs/meta_roc_final-eps-converted-to.pdf>
Package pdftex.def Info: diagnosis/figs/meta_roc_final-eps-converted-to.pdf use
d on input line 201.
(pdftex.def)             Requested size: 167.66393pt x 167.6621pt.
) [25 <./diagnosis/figs/meta_roc-eps-converted-to.pdf> <./diagnosis/figs/meta_r
oc_final-eps-converted-to.pdf>]
\openout2 = `longitude/main.aux'.

 (./longitude/main.tex
Chapter 4.
[26



] [27] [28] [29] [30] [31]
Package epstopdf Info: Source file: <longitude/figs/nowcastNational.eps>
(epstopdf)                    date: 2015-06-03 10:29:24
(epstopdf)                    size: 11538 bytes
(epstopdf)             Output file: <longitude/figs/nowcastNational-eps-convert
ed-to.pdf>
(epstopdf)                    date: 2015-06-03 11:48:04
(epstopdf)                    size: 18995 bytes
(epstopdf)             Command: <repstopdf --outfile=longitude/figs/nowcastNati
onal-eps-converted-to.pdf longitude/figs/nowcastNational.eps>
(epstopdf)             \includegraphics on input line 87.
Package epstopdf Info: Output file is already uptodate.

<longitude/figs/nowcastNational-eps-converted-to.pdf, id=239, 307.1475pt x 307.
1475pt>
File: longitude/figs/nowcastNational-eps-converted-to.pdf Graphic file (type pd
f)
 <use longitude/figs/nowcastNational-eps-converted-to.pdf>
Package pdftex.def Info: longitude/figs/nowcastNational-eps-converted-to.pdf us
ed on input line 87.
(pdftex.def)             Requested size: 125.75113pt x 125.75319pt.
Package epstopdf Info: Source file: <longitude/figs/nowcastHHSExample.eps>
(epstopdf)                    date: 2015-06-03 10:29:24
(epstopdf)                    size: 11530 bytes
(epstopdf)             Output file: <longitude/figs/nowcastHHSExample-eps-conve
rted-to.pdf>
(epstopdf)                    date: 2015-06-03 11:48:05
(epstopdf)                    size: 19258 bytes
(epstopdf)             Command: <repstopdf --outfile=longitude/figs/nowcastHHSE
xample-eps-converted-to.pdf longitude/figs/nowcastHHSExample.eps>
(epstopdf)             \includegraphics on input line 90.
Package epstopdf Info: Output file is already uptodate.

<longitude/figs/nowcastHHSExample-eps-converted-to.pdf, id=240, 307.1475pt x 30
7.1475pt>
File: longitude/figs/nowcastHHSExample-eps-converted-to.pdf Graphic file (type 
pdf)
 <use longitude/figs/nowcastHHSExample-eps-converted-to.pdf>
Package pdftex.def Info: longitude/figs/nowcastHHSExample-eps-converted-to.pdf 
used on input line 90.
(pdftex.def)             Requested size: 125.75113pt x 125.75319pt.
Package epstopdf Info: Source file: <longitude/figs/nowcastLocalExample.eps>
(epstopdf)                    date: 2015-06-03 10:29:24
(epstopdf)                    size: 9875 bytes
(epstopdf)             Output file: <longitude/figs/nowcastLocalExample-eps-con
verted-to.pdf>
(epstopdf)                    date: 2015-06-03 11:48:07
(epstopdf)                    size: 16559 bytes
(epstopdf)             Command: <repstopdf --outfile=longitude/figs/nowcastLoca
lExample-eps-converted-to.pdf longitude/figs/nowcastLocalExample.eps>
(epstopdf)             \includegraphics on input line 93.
Package epstopdf Info: Output file is already uptodate.

<longitude/figs/nowcastLocalExample-eps-converted-to.pdf, id=241, 307.1475pt x 
307.1475pt>
File: longitude/figs/nowcastLocalExample-eps-converted-to.pdf Graphic file (typ
e pdf)
 <use longitude/figs/nowcastLocalExample-eps-converted-to.pdf>
Package pdftex.def Info: longitude/figs/nowcastLocalExample-eps-converted-to.pd
f used on input line 93.
(pdftex.def)             Requested size: 125.75113pt x 125.75319pt.

[32]

LaTeX Warning: `h' float specifier changed to `ht'.

Package epstopdf Info: Source file: <longitude/figs/sirCurve.eps>
(epstopdf)                    date: 2015-06-03 10:29:24
(epstopdf)                    size: 190354 bytes
(epstopdf)             Output file: <longitude/figs/sirCurve-eps-converted-to.p
df>
(epstopdf)                    date: 2015-06-03 11:48:08
(epstopdf)                    size: 85060 bytes
(epstopdf)             Command: <repstopdf --outfile=longitude/figs/sirCurve-ep
s-converted-to.pdf longitude/figs/sirCurve.eps>
(epstopdf)             \includegraphics on input line 163.
Package epstopdf Info: Output file is already uptodate.
<longitude/figs/sirCurve-eps-converted-to.pdf, id=245, 578.16pt x 307.1475pt>
File: longitude/figs/sirCurve-eps-converted-to.pdf Graphic file (type pdf)

<use longitude/figs/sirCurve-eps-converted-to.pdf>
Package pdftex.def Info: longitude/figs/sirCurve-eps-converted-to.pdf used on i
nput line 163.
(pdftex.def)             Requested size: 419.16621pt x 222.67857pt.
 [33 <./longitude/figs/nowcastNational-eps-converted-to.pdf> <./longitude/figs/
nowcastHHSExample-eps-converted-to.pdf> <./longitude/figs/nowcastLocalExample-e
ps-converted-to.pdf>]
[34 <./longitude/figs/sirCurve-eps-converted-to.pdf>]
Package epstopdf Info: Source file: <longitude/figs/compare_twitter_census.eps>

(epstopdf)                    date: 2015-06-03 10:29:25
(epstopdf)                    size: 78995 bytes
(epstopdf)             Output file: <longitude/figs/compare_twitter_census-eps-
converted-to.pdf>
(epstopdf)                    date: 2015-06-03 11:48:09
(epstopdf)                    size: 196216 bytes
(epstopdf)             Command: <repstopdf --outfile=longitude/figs/compare_twi
tter_census-eps-converted-to.pdf longitude/figs/compare_twitter_census.eps>
(epstopdf)             \includegraphics on input line 178.
Package epstopdf Info: Output file is already uptodate.

<longitude/figs/compare_twitter_census-eps-converted-to.pdf, id=281, 307.1475pt
 x 307.1475pt>
File: longitude/figs/compare_twitter_census-eps-converted-to.pdf Graphic file (
type pdf)

<use longitude/figs/compare_twitter_census-eps-converted-to.pdf>
Package pdftex.def Info: longitude/figs/compare_twitter_census-eps-converted-to
.pdf used on input line 178.
(pdftex.def)             Requested size: 209.5831pt x 209.58397pt.


LaTeX Warning: `h' float specifier changed to `ht'.

[35 <./longitude/figs/compare_twitter_census-eps-converted-to.pdf>] [36]
<longitude/figs/r0_by_distance_time_new.png, id=295, 1018.80624pt x 519.9425pt>
File: longitude/figs/r0_by_distance_time_new.png Graphic file (type png)
<use longitude/figs/r0_by_distance_time_new.png>
Package pdftex.def Info: longitude/figs/r0_by_distance_time_new.png used on inp
ut line 217.
(pdftex.def)             Requested size: 419.16621pt x 213.92357pt.
 [37 <./longitude/figs/r0_by_distance_time_new.png>]
<longitude/figs/r0heatmap.png, id=300, 640.3925pt x 671.50874pt>
File: longitude/figs/r0heatmap.png Graphic file (type png)

<use longitude/figs/r0heatmap.png>
Package pdftex.def Info: longitude/figs/r0heatmap.png used on input line 245.
(pdftex.def)             Requested size: 314.37465pt x 329.65695pt.

<longitude/figs/r0distribution.png, id=301, 830.10126pt x 528.97626pt>
File: longitude/figs/r0distribution.png Graphic file (type png)

<use longitude/figs/r0distribution.png>
Package pdftex.def Info: longitude/figs/r0distribution.png used on input line 2
56.
(pdftex.def)             Requested size: 314.37465pt x 200.32698pt.
 [38] [39 <./longitude/figs/r0heatmap.png>] [40 <./longitude/figs/r0distributio
n.png>] [41]
<longitude/figs/visual/seattle0.png, id=317, 3854.4pt x 2168.1pt>
File: longitude/figs/visual/seattle0.png Graphic file (type png)

<use longitude/figs/visual/seattle0.png>
Package pdftex.def Info: longitude/figs/visual/seattle0.png used on input line 
311.
(pdftex.def)             Requested size: 251.50227pt x 141.46077pt.

<longitude/figs/visual/seattle1.png, id=318, 3854.4pt x 2168.1pt>
File: longitude/figs/visual/seattle1.png Graphic file (type png)

<use longitude/figs/visual/seattle1.png>
Package pdftex.def Info: longitude/figs/visual/seattle1.png used on input line 
317.
(pdftex.def)             Requested size: 251.50227pt x 141.46077pt.

<longitude/figs/visual/seattle2.png, id=319, 3854.4pt x 2168.1pt>
File: longitude/figs/visual/seattle2.png Graphic file (type png)

<use longitude/figs/visual/seattle2.png>
Package pdftex.def Info: longitude/figs/visual/seattle2.png used on input line 
323.
(pdftex.def)             Requested size: 251.50227pt x 141.46077pt.

<longitude/figs/visual/pa0.png, id=320, 3854.4pt x 2168.1pt>
File: longitude/figs/visual/pa0.png Graphic file (type png)

<use longitude/figs/visual/pa0.png>
Package pdftex.def Info: longitude/figs/visual/pa0.png used on input line 332.
(pdftex.def)             Requested size: 251.50227pt x 141.46077pt.

<longitude/figs/visual/pa1.png, id=321, 3854.4pt x 2168.1pt>
File: longitude/figs/visual/pa1.png Graphic file (type png)

<use longitude/figs/visual/pa1.png>
Package pdftex.def Info: longitude/figs/visual/pa1.png used on input line 338.
(pdftex.def)             Requested size: 251.50227pt x 141.46077pt.

<longitude/figs/visual/pa2.png, id=322, 3854.4pt x 2168.1pt>
File: longitude/figs/visual/pa2.png Graphic file (type png)

<use longitude/figs/visual/pa2.png>
Package pdftex.def Info: longitude/figs/visual/pa2.png used on input line 344.
(pdftex.def)             Requested size: 251.50227pt x 141.46077pt.

<longitude/figs/visual/usa0.png, id=323, 3854.4pt x 2168.1pt>
File: longitude/figs/visual/usa0.png Graphic file (type png)

<use longitude/figs/visual/usa0.png>
Package pdftex.def Info: longitude/figs/visual/usa0.png used on input line 353.

(pdftex.def)             Requested size: 251.50227pt x 141.46077pt.

<longitude/figs/visual/usa1.png, id=324, 3854.4pt x 2168.1pt>
File: longitude/figs/visual/usa1.png Graphic file (type png)

<use longitude/figs/visual/usa1.png>
Package pdftex.def Info: longitude/figs/visual/usa1.png used on input line 359.

(pdftex.def)             Requested size: 251.50227pt x 141.46077pt.

<longitude/figs/visual/usa2.png, id=325, 3854.4pt x 2168.1pt>
File: longitude/figs/visual/usa2.png Graphic file (type png)

<use longitude/figs/visual/usa2.png>
Package pdftex.def Info: longitude/figs/visual/usa2.png used on input line 365.

(pdftex.def)             Requested size: 251.50227pt x 141.46077pt.
) [42] [43 <./longitude/figs/visual/seattle0.png> <./longitude/figs/visual/seat
tle1.png> <./longitude/figs/visual/seattle2.png>] [44 <./longitude/figs/visual/
pa0.png> <./longitude/figs/visual/pa1.png> <./longitude/figs/visual/pa2.png>] [
45 <./longitude/figs/visual/usa0.png> <./longitude/figs/visual/usa1.png> <./lon
gitude/figs/visual/usa2.png>]
\openout2 = `retweets/main.aux'.


(./retweets/main.tex
Chapter 5.

Overfull \hbox (8.87138pt too wide) in paragraph at lines 64--64
|\T1/lmss/bx/n/30 Beyond Net-work and Sen-ti-ment
 []


Overfull \hbox (0.50024pt too wide) in paragraph at lines 64--64
\T1/lmss/bx/n/30 Anal-y-sis for Retweet Pre-dic-tion| 
 []

[46



] [47] [48] [49] [50] [51]
Underfull \hbox (badness 10000) in paragraph at lines 138--138
\T1/lmr/m/n/12 (+20) Gov-ern-ment run health
 []

[52] [53] [54]
Overfull \hbox (3.57294pt too wide) in paragraph at lines 191--191
[]|[]| 
 []

[55]
Package epstopdf Info: Source file: <retweets/figures/emotiondistribution.eps>
(epstopdf)                    date: 2015-09-02 18:36:24
(epstopdf)                    size: 8127 bytes
(epstopdf)             Output file: <retweets/figures/emotiondistribution-eps-c
onverted-to.pdf>
(epstopdf)                    date: 2015-09-02 18:47:11
(epstopdf)                    size: 10124 bytes
(epstopdf)             Command: <repstopdf --outfile=retweets/figures/emotiondi
stribution-eps-converted-to.pdf retweets/figures/emotiondistribution.eps>
(epstopdf)             \includegraphics on input line 208.
Package epstopdf Info: Output file is already uptodate.

<retweets/figures/emotiondistribution-eps-converted-to.pdf, id=380, 271.0125pt 
x 271.0125pt>
File: retweets/figures/emotiondistribution-eps-converted-to.pdf Graphic file (t
ype pdf)
 <use retweets/figures/emotiondistribution-eps-converted-to.pdf>
Package pdftex.def Info: retweets/figures/emotiondistribution-eps-converted-to.
pdf used on input line 208.
(pdftex.def)             Requested size: 377.24702pt x 377.26039pt.

[56 <./retweets/figures/emotiondistribution-eps-converted-to.pdf>] [57]

LaTeX Warning: No positions in optional float specifier.
               Default added (so using `tbp') on input line 228.


Underfull \hbox (badness 10000) in paragraph at lines 232--232
[]|\T1/lmr/m/n/12 (+20) Max
 []


Underfull \hbox (badness 10000) in paragraph at lines 232--232
\T1/lmr/m/n/12 (+20) n-
 []


Underfull \hbox (badness 10000) in paragraph at lines 232--232
[]|\T1/lmr/m/n/12 (+20) Min
 []


Underfull \hbox (badness 10000) in paragraph at lines 232--232
\T1/lmr/m/n/12 (+20) Oc-cur-
 []


Underfull \hbox (badness 10000) in paragraph at lines 232--232
[]|\T1/lmr/m/n/12 (+20) Include
 []


Underfull \hbox (badness 10000) in paragraph at lines 232--232
[]|\T1/lmr/m/n/12 (+20) Mean
 []


Underfull \hbox (badness 10000) in paragraph at lines 232--232
\T1/lmr/m/n/12 (+20) Ac-cu-
 []


Overfull \hbox (1.15057pt too wide) in paragraph at lines 230--250
 [][] 
 []


LaTeX Warning: No positions in optional float specifier.
               Default added (so using `tbp') on input line 254.


Underfull \hbox (badness 10000) in paragraph at lines 258--258
[]|\T1/lmr/m/n/12 (+20) Max
 []


Underfull \hbox (badness 10000) in paragraph at lines 258--258
\T1/lmr/m/n/12 (+20) n-
 []


Underfull \hbox (badness 10000) in paragraph at lines 258--258
[]|\T1/lmr/m/n/12 (+20) Min
 []


Underfull \hbox (badness 10000) in paragraph at lines 258--258
\T1/lmr/m/n/12 (+20) Oc-cur-
 []


Underfull \hbox (badness 10000) in paragraph at lines 258--258
[]|\T1/lmr/m/n/12 (+20) Include
 []


Underfull \hbox (badness 10000) in paragraph at lines 258--258
[]|\T1/lmr/m/n/12 (+20) Mean
 []


Underfull \hbox (badness 10000) in paragraph at lines 258--258
\T1/lmr/m/n/12 (+20) Ac-cu-
 []


Overfull \hbox (1.15057pt too wide) in paragraph at lines 256--276
 [][] 
 []

[58] [59]
Package epstopdf Info: Source file: <retweets/figures/compareTypes.eps>
(epstopdf)                    date: 2014-03-24 13:15:56
(epstopdf)                    size: 65416 bytes
(epstopdf)             Output file: <retweets/figures/compareTypes-eps-converte
d-to.pdf>
(epstopdf)                    date: 2014-03-24 21:09:15
(epstopdf)                    size: 38380 bytes
(epstopdf)             Command: <repstopdf --outfile=retweets/figures/compareTy
pes-eps-converted-to.pdf retweets/figures/compareTypes.eps>
(epstopdf)             \includegraphics on input line 289.
Package epstopdf Info: Output file is already uptodate.

<retweets/figures/compareTypes-eps-converted-to.pdf, id=402, 505.89pt x 307.147
5pt>
File: retweets/figures/compareTypes-eps-converted-to.pdf Graphic file (type pdf
)
 <use retweets/figures/compareTypes-eps-converted-to.pdf>
Package pdftex.def Info: retweets/figures/compareTypes-eps-converted-to.pdf use
d on input line 289.
(pdftex.def)             Requested size: 377.24702pt x 229.04778pt.
Package epstopdf Info: Source file: <retweets/figures/density_by_type.eps>
(epstopdf)                    date: 2014-02-07 12:25:53
(epstopdf)                    size: 117968 bytes
(epstopdf)             Output file: <retweets/figures/density_by_type-eps-conve
rted-to.pdf>
(epstopdf)                    date: 2014-02-07 12:27:18
(epstopdf)                    size: 100431 bytes
(epstopdf)             Command: <repstopdf --outfile=retweets/figures/density_b
y_type-eps-converted-to.pdf retweets/figures/density_by_type.eps>
(epstopdf)             \includegraphics on input line 311.
Package epstopdf Info: Output file is already uptodate.

<retweets/figures/density_by_type-eps-converted-to.pdf, id=403, 505.89pt x 783.
92876pt>
File: retweets/figures/density_by_type-eps-converted-to.pdf Graphic file (type 
pdf)
 <use retweets/figures/density_by_type-eps-converted-to.pdf>
Package pdftex.def Info: retweets/figures/density_by_type-eps-converted-to.pdf 
used on input line 311.
(pdftex.def)             Requested size: 209.5831pt x 324.77412pt.
 [60 <./retweets/figures/compareTypes-eps-converted-to.pdf>]
<retweets/figures/retweet_followers.png, id=418, 3011.25pt x 1204.5pt>
File: retweets/figures/retweet_followers.png Graphic file (type png)

<use retweets/figures/retweet_followers.png>
Package pdftex.def Info: retweets/figures/retweet_followers.png used on input l
ine 319.
(pdftex.def)             Requested size: 377.24702pt x 150.89294pt.
 [61 <./retweets/figures/density_by_type-eps-converted-to.pdf>] [62 <./retweets
/figures/retweet_followers.png>]

LaTeX Warning: No positions in optional float specifier.
               Default added (so using `tbp') on input line 374.

[63] [64]
<retweets/figures/user_emotion_dataset.png, id=444, 585.18625pt x 643.40375pt>
File: retweets/figures/user_emotion_dataset.png Graphic file (type png)

<use retweets/figures/user_emotion_dataset.png>
Package pdftex.def Info: retweets/figures/user_emotion_dataset.png used on inpu
t line 407.
(pdftex.def)             Requested size: 398.20662pt x 437.84256pt.
 [65 <./retweets/figures/user_emotion_dataset.png>] [66] [67] [68]

LaTeX Warning: No positions in optional float specifier.
               Default added (so using `tbp') on input line 493.


LaTeX Warning: No positions in optional float specifier.
               Default added (so using `tbp') on input line 536.

[69]) [70]
\openout2 = `conclusions/main.aux'.

 (./conclusions/main.tex
Chapter 6.
[71



]) [72] [73



]
\openout2 = `diagnosis/appendix.aux'.

 (./diagnosis/appendix.tex
Appendix A.
) [74


] [75]
\openout2 = `longitude/regional_r0_table.aux'.

 (./longitude/regional_r0_table.tex
Appendix B.

Underfull \vbox (badness 10000) detected at line 26
 []

[76



]) [77]
\openout2 = `longitude/all_regional_curves.aux'.

 (./longitude/all_regional_curves.tex
Appendix C.
Package epstopdf Info: Source file: <longitude/figs/nowcastHHS_1.eps>
(epstopdf)                    date: 2015-06-03 10:29:24
(epstopdf)                    size: 11541 bytes
(epstopdf)             Output file: <longitude/figs/nowcastHHS_1-eps-converted-
to.pdf>
(epstopdf)                    date: 2015-06-03 10:29:27
(epstopdf)                    size: 19308 bytes
(epstopdf)             Command: <repstopdf --outfile=longitude/figs/nowcastHHS_
1-eps-converted-to.pdf longitude/figs/nowcastHHS_1.eps>
(epstopdf)             \includegraphics on input line 9.
Package epstopdf Info: Output file is already uptodate.

<longitude/figs/nowcastHHS_1-eps-converted-to.pdf, id=487, 307.1475pt x 307.147
5pt>
File: longitude/figs/nowcastHHS_1-eps-converted-to.pdf Graphic file (type pdf)
 <use longitude/figs/nowcastHHS_1-eps-converted-to.pdf>
Package pdftex.def Info: longitude/figs/nowcastHHS_1-eps-converted-to.pdf used 
on input line 9.
(pdftex.def)             Requested size: 205.39374pt x 205.39407pt.
Package epstopdf Info: Source file: <longitude/figs/nowcastHHS_2.eps>
(epstopdf)                    date: 2015-06-03 10:29:24
(epstopdf)                    size: 11494 bytes
(epstopdf)             Output file: <longitude/figs/nowcastHHS_2-eps-converted-
to.pdf>
(epstopdf)                    date: 2015-06-03 10:29:28
(epstopdf)                    size: 19056 bytes
(epstopdf)             Command: <repstopdf --outfile=longitude/figs/nowcastHHS_
2-eps-converted-to.pdf longitude/figs/nowcastHHS_2.eps>
(epstopdf)             \includegraphics on input line 12.
Package epstopdf Info: Output file is already uptodate.

<longitude/figs/nowcastHHS_2-eps-converted-to.pdf, id=488, 307.1475pt x 307.147
5pt>
File: longitude/figs/nowcastHHS_2-eps-converted-to.pdf Graphic file (type pdf)
 <use longitude/figs/nowcastHHS_2-eps-converted-to.pdf>
Package pdftex.def Info: longitude/figs/nowcastHHS_2-eps-converted-to.pdf used 
on input line 12.
(pdftex.def)             Requested size: 205.39374pt x 205.39407pt.
Package epstopdf Info: Source file: <longitude/figs/nowcastHHS_3.eps>
(epstopdf)                    date: 2015-06-03 10:29:24
(epstopdf)                    size: 11559 bytes
(epstopdf)             Output file: <longitude/figs/nowcastHHS_3-eps-converted-
to.pdf>
(epstopdf)                    date: 2015-06-03 10:29:28
(epstopdf)                    size: 19235 bytes
(epstopdf)             Command: <repstopdf --outfile=longitude/figs/nowcastHHS_
3-eps-converted-to.pdf longitude/figs/nowcastHHS_3.eps>
(epstopdf)             \includegraphics on input line 16.
Package epstopdf Info: Output file is already uptodate.

<longitude/figs/nowcastHHS_3-eps-converted-to.pdf, id=489, 307.1475pt x 307.147
5pt>
File: longitude/figs/nowcastHHS_3-eps-converted-to.pdf Graphic file (type pdf)
 <use longitude/figs/nowcastHHS_3-eps-converted-to.pdf>
Package pdftex.def Info: longitude/figs/nowcastHHS_3-eps-converted-to.pdf used 
on input line 16.
(pdftex.def)             Requested size: 205.39374pt x 205.39407pt.
Package epstopdf Info: Source file: <longitude/figs/nowcastHHS_4.eps>
(epstopdf)                    date: 2015-06-03 10:29:24
(epstopdf)                    size: 11456 bytes
(epstopdf)             Output file: <longitude/figs/nowcastHHS_4-eps-converted-
to.pdf>
(epstopdf)                    date: 2015-06-03 10:29:29
(epstopdf)                    size: 19064 bytes
(epstopdf)             Command: <repstopdf --outfile=longitude/figs/nowcastHHS_
4-eps-converted-to.pdf longitude/figs/nowcastHHS_4.eps>
(epstopdf)             \includegraphics on input line 19.
Package epstopdf Info: Output file is already uptodate.

<longitude/figs/nowcastHHS_4-eps-converted-to.pdf, id=490, 307.1475pt x 307.147
5pt>
File: longitude/figs/nowcastHHS_4-eps-converted-to.pdf Graphic file (type pdf)
 <use longitude/figs/nowcastHHS_4-eps-converted-to.pdf>
Package pdftex.def Info: longitude/figs/nowcastHHS_4-eps-converted-to.pdf used 
on input line 19.
(pdftex.def)             Requested size: 205.39374pt x 205.39407pt.
Package epstopdf Info: Source file: <longitude/figs/nowcastHHS_5.eps>
(epstopdf)                    date: 2015-06-03 10:29:24
(epstopdf)                    size: 11467 bytes
(epstopdf)             Output file: <longitude/figs/nowcastHHS_5-eps-converted-
to.pdf>
(epstopdf)                    date: 2015-06-03 10:29:30
(epstopdf)                    size: 19161 bytes
(epstopdf)             Command: <repstopdf --outfile=longitude/figs/nowcastHHS_
5-eps-converted-to.pdf longitude/figs/nowcastHHS_5.eps>
(epstopdf)             \includegraphics on input line 23.
Package epstopdf Info: Output file is already uptodate.

<longitude/figs/nowcastHHS_5-eps-converted-to.pdf, id=491, 307.1475pt x 307.147
5pt>
File: longitude/figs/nowcastHHS_5-eps-converted-to.pdf Graphic file (type pdf)
 <use longitude/figs/nowcastHHS_5-eps-converted-to.pdf>
Package pdftex.def Info: longitude/figs/nowcastHHS_5-eps-converted-to.pdf used 
on input line 23.
(pdftex.def)             Requested size: 205.39374pt x 205.39407pt.
Package epstopdf Info: Source file: <longitude/figs/nowcastHHS_6.eps>
(epstopdf)                    date: 2015-06-03 10:29:24
(epstopdf)                    size: 11628 bytes
(epstopdf)             Output file: <longitude/figs/nowcastHHS_6-eps-converted-
to.pdf>
(epstopdf)                    date: 2015-06-03 10:29:31
(epstopdf)                    size: 19027 bytes
(epstopdf)             Command: <repstopdf --outfile=longitude/figs/nowcastHHS_
6-eps-converted-to.pdf longitude/figs/nowcastHHS_6.eps>
(epstopdf)             \includegraphics on input line 26.
Package epstopdf Info: Output file is already uptodate.

<longitude/figs/nowcastHHS_6-eps-converted-to.pdf, id=492, 307.1475pt x 307.147
5pt>
File: longitude/figs/nowcastHHS_6-eps-converted-to.pdf Graphic file (type pdf)
 <use longitude/figs/nowcastHHS_6-eps-converted-to.pdf>
Package pdftex.def Info: longitude/figs/nowcastHHS_6-eps-converted-to.pdf used 
on input line 26.
(pdftex.def)             Requested size: 205.39374pt x 205.39407pt.


LaTeX Warning: Float too large for page by 3.88722pt on input line 28.

Package epstopdf Info: Source file: <longitude/figs/nowcastHHS_7.eps>
(epstopdf)                    date: 2015-06-03 10:29:24
(epstopdf)                    size: 11487 bytes
(epstopdf)             Output file: <longitude/figs/nowcastHHS_7-eps-converted-
to.pdf>
(epstopdf)                    date: 2015-06-03 10:29:32
(epstopdf)                    size: 19187 bytes
(epstopdf)             Command: <repstopdf --outfile=longitude/figs/nowcastHHS_
7-eps-converted-to.pdf longitude/figs/nowcastHHS_7.eps>
(epstopdf)             \includegraphics on input line 33.
Package epstopdf Info: Output file is already uptodate.

<longitude/figs/nowcastHHS_7-eps-converted-to.pdf, id=493, 307.1475pt x 307.147
5pt>
File: longitude/figs/nowcastHHS_7-eps-converted-to.pdf Graphic file (type pdf)
 <use longitude/figs/nowcastHHS_7-eps-converted-to.pdf>
Package pdftex.def Info: longitude/figs/nowcastHHS_7-eps-converted-to.pdf used 
on input line 33.
(pdftex.def)             Requested size: 205.39374pt x 205.39407pt.
Package epstopdf Info: Source file: <longitude/figs/nowcastHHS_8.eps>
(epstopdf)                    date: 2015-06-03 10:29:24
(epstopdf)                    size: 11565 bytes
(epstopdf)             Output file: <longitude/figs/nowcastHHS_8-eps-converted-
to.pdf>
(epstopdf)                    date: 2015-06-03 10:29:33
(epstopdf)                    size: 19218 bytes
(epstopdf)             Command: <repstopdf --outfile=longitude/figs/nowcastHHS_
8-eps-converted-to.pdf longitude/figs/nowcastHHS_8.eps>
(epstopdf)             \includegraphics on input line 36.
Package epstopdf Info: Output file is already uptodate.

<longitude/figs/nowcastHHS_8-eps-converted-to.pdf, id=494, 307.1475pt x 307.147
5pt>
File: longitude/figs/nowcastHHS_8-eps-converted-to.pdf Graphic file (type pdf)
 <use longitude/figs/nowcastHHS_8-eps-converted-to.pdf>
Package pdftex.def Info: longitude/figs/nowcastHHS_8-eps-converted-to.pdf used 
on input line 36.
(pdftex.def)             Requested size: 205.39374pt x 205.39407pt.
Package epstopdf Info: Source file: <longitude/figs/nowcastHHS_9.eps>
(epstopdf)                    date: 2015-06-03 10:29:24
(epstopdf)                    size: 11667 bytes
(epstopdf)             Output file: <longitude/figs/nowcastHHS_9-eps-converted-
to.pdf>
(epstopdf)                    date: 2015-06-03 10:29:34
(epstopdf)                    size: 19312 bytes
(epstopdf)             Command: <repstopdf --outfile=longitude/figs/nowcastHHS_
9-eps-converted-to.pdf longitude/figs/nowcastHHS_9.eps>
(epstopdf)             \includegraphics on input line 40.
Package epstopdf Info: Output file is already uptodate.

<longitude/figs/nowcastHHS_9-eps-converted-to.pdf, id=495, 307.1475pt x 307.147
5pt>
File: longitude/figs/nowcastHHS_9-eps-converted-to.pdf Graphic file (type pdf)
 <use longitude/figs/nowcastHHS_9-eps-converted-to.pdf>
Package pdftex.def Info: longitude/figs/nowcastHHS_9-eps-converted-to.pdf used 
on input line 40.
(pdftex.def)             Requested size: 205.39374pt x 205.39407pt.
Package epstopdf Info: Source file: <longitude/figs/nowcastHHS_10.eps>
(epstopdf)                    date: 2015-06-03 10:29:24
(epstopdf)                    size: 11561 bytes
(epstopdf)             Output file: <longitude/figs/nowcastHHS_10-eps-converted
-to.pdf>
(epstopdf)                    date: 2015-06-03 10:29:35
(epstopdf)                    size: 19277 bytes
(epstopdf)             Command: <repstopdf --outfile=longitude/figs/nowcastHHS_
10-eps-converted-to.pdf longitude/figs/nowcastHHS_10.eps>
(epstopdf)             \includegraphics on input line 43.
Package epstopdf Info: Output file is already uptodate.

<longitude/figs/nowcastHHS_10-eps-converted-to.pdf, id=496, 307.1475pt x 307.14
75pt>
File: longitude/figs/nowcastHHS_10-eps-converted-to.pdf Graphic file (type pdf)

 <use longitude/figs/nowcastHHS_10-eps-converted-to.pdf>
Package pdftex.def Info: longitude/figs/nowcastHHS_10-eps-converted-to.pdf used
 on input line 43.
(pdftex.def)             Requested size: 205.39374pt x 205.39407pt.
Package epstopdf Info: Source file: <longitude/figs/nowcastLocal_seattle.eps>
(epstopdf)                    date: 2015-06-03 10:29:24
(epstopdf)                    size: 9963 bytes
(epstopdf)             Output file: <longitude/figs/nowcastLocal_seattle-eps-co
nverted-to.pdf>
(epstopdf)                    date: 2015-06-03 10:29:36
(epstopdf)                    size: 17353 bytes
(epstopdf)             Command: <repstopdf --outfile=longitude/figs/nowcastLoca
l_seattle-eps-converted-to.pdf longitude/figs/nowcastLocal_seattle.eps>
(epstopdf)             \includegraphics on input line 52.
Package epstopdf Info: Output file is already uptodate.

<longitude/figs/nowcastLocal_seattle-eps-converted-to.pdf, id=497, 307.1475pt x
 307.1475pt>
File: longitude/figs/nowcastLocal_seattle-eps-converted-to.pdf Graphic file (ty
pe pdf)
 <use longitude/figs/nowcastLocal_seattle-eps-converted-to.pdf>
Package pdftex.def Info: longitude/figs/nowcastLocal_seattle-eps-converted-to.p
df used on input line 52.
(pdftex.def)             Requested size: 205.39374pt x 205.39407pt.
Package epstopdf Info: Source file: <longitude/figs/nowcastLocal_texas.eps>
(epstopdf)                    date: 2015-06-03 10:29:24
(epstopdf)                    size: 11765 bytes
(epstopdf)             Output file: <longitude/figs/nowcastLocal_texas-eps-conv
erted-to.pdf>
(epstopdf)                    date: 2015-06-03 10:29:37
(epstopdf)                    size: 19671 bytes
(epstopdf)             Command: <repstopdf --outfile=longitude/figs/nowcastLoca
l_texas-eps-converted-to.pdf longitude/figs/nowcastLocal_texas.eps>
(epstopdf)             \includegraphics on input line 55.
Package epstopdf Info: Output file is already uptodate.

<longitude/figs/nowcastLocal_texas-eps-converted-to.pdf, id=498, 307.1475pt x 3
07.1475pt>
File: longitude/figs/nowcastLocal_texas-eps-converted-to.pdf Graphic file (type
 pdf)
 <use longitude/figs/nowcastLocal_texas-eps-converted-to.pdf>
Package pdftex.def Info: longitude/figs/nowcastLocal_texas-eps-converted-to.pdf
 used on input line 55.
(pdftex.def)             Requested size: 205.39374pt x 205.39407pt.
)
[78



] [79 <./longitude/figs/nowcastHHS_1-eps-converted-to.pdf> <./longitude/figs/no
wcastHHS_2-eps-converted-to.pdf> <./longitude/figs/nowcastHHS_3-eps-converted-t
o.pdf> <./longitude/figs/nowcastHHS_4-eps-converted-to.pdf> <./longitude/figs/n
owcastHHS_5-eps-converted-to.pdf> <./longitude/figs/nowcastHHS_6-eps-converted-
to.pdf>] [80 <./longitude/figs/nowcastHHS_7-eps-converted-to.pdf> <./longitude/
figs/nowcastHHS_8-eps-converted-to.pdf> <./longitude/figs/nowcastHHS_9-eps-conv
erted-to.pdf> <./longitude/figs/nowcastHHS_10-eps-converted-to.pdf>]
[81 <./longitude/figs/nowcastLocal_seattle-eps-converted-to.pdf> <./longitude/f
igs/nowcastLocal_texas-eps-converted-to.pdf>]
\openout2 = `retweets/comparison_appendix.aux'.


(./retweets/comparison_appendix.tex
Appendix D.

LaTeX Warning: No positions in optional float specifier.
               Default added (so using `tbp') on input line 11.

[82



]) [83] (./ToddBodnar-Dissertation.bbl
Package microtype Info: Character `029' is missing
(microtype)             in font `T1/lmr/m/sc/12'.
(microtype)             Ignoring protrusion settings for this character.
 [84


]
LaTeX Font Info:    Try loading font information for T1+lmtt on input line 64.

(/usr/local/texlive/2012/texmf-dist/tex/latex/lm/t1lmtt.fd
File: t1lmtt.fd 2009/10/30 v1.6 Font defs for Latin Modern
)
Underfull \hbox (badness 10000) in paragraph at lines 60--65
\T1/lmr/m/n/12 (+20) URL \T1/lmtt/m/n/12 http://www.who.int/csr/resources/publi
cations/
 []

[85] [86] [87] [88] [89] [90]
Underfull \hbox (badness 1189) in paragraph at lines 487--493
[]\T1/lmr/m/sc/12 (+20) Marquet, R. L.\T1/lmr/m/n/12 (+20) , \T1/lmr/m/sc/12 (+
20) A. I. Bartelds\T1/lmr/m/n/12 (+20) , \T1/lmr/m/sc/12 (+20) S. P. van Noort\
T1/lmr/m/n/12 (+20) , \T1/lmr/m/sc/12 (+20) C. E.
 []


Underfull \hbox (badness 1946) in paragraph at lines 495--500
[]\T1/lmr/m/sc/12 (+20) van Noort, S. P.\T1/lmr/m/n/12 (+20) , \T1/lmr/m/sc/12 
(+20) M. Muehlen\T1/lmr/m/n/12 (+20) , \T1/lmr/m/sc/12 (+20) H. Re-belo de An-d
rade\T1/lmr/m/n/12 (+20) ,
 []

[91] [92]
Underfull \hbox (badness 10000) in paragraph at lines 604--607
\T1/lmr/m/n/12 (+20) URL \T1/lmtt/m/n/12 http://www.cdc.gov/flu/takingcare.htm
 []

[93]
Underfull \hbox (badness 10000) in paragraph at lines 659--663
[]\T1/lmr/m/sc/12 (+20) Glidden, M. \T1/lmr/m/n/12 (+20) and \T1/lmr/m/sc/12 (+
20) J. Blomo \T1/lmr/m/n/12 (+20) (2012), ``GPS vs WiFi:
 []


Underfull \hbox (badness 10000) in paragraph at lines 659--663
\T1/lmr/m/n/12 (+20) The Bat-tle for Lo-ca-tion Ac-cu-racy Us-ing Yelp Check-In
s,''
 []


Underfull \hbox (badness 10000) in paragraph at lines 659--663
\T1/lmtt/m/n/12 http://engineeringblog.yelp.com/2012/08/gps-vs-wifi-the-battle-

 []

[94] [95] [96]) [97] (./SupplementaryMaterial/Vita.tex
Underfull \hbox (badness 10000) in paragraph at lines 2--5

 []

) [98

] (./ToddBodnar-Dissertation.aux (./introduction/intro.aux)
(./twitterFitting/paper.aux) (./diagnosis/Bodnar_www2014.aux)
(./longitude/main.aux) (./retweets/main.aux) (./conclusions/main.aux)
(./diagnosis/appendix.aux) (./longitude/regional_r0_table.aux)
(./longitude/all_regional_curves.aux) (./retweets/comparison_appendix.aux)) ) 
Here is how much of TeX's memory you used:
 10226 strings out of 493488
 161804 string characters out of 3141326
 258175 words of memory out of 3000000
 12886 multiletter control sequences out of 15000+200000
 119485 words of font info for 221 fonts, out of 3000000 for 9000
 957 hyphenation exceptions out of 8191
 44i,12n,83p,2053b,760s stack positions out of 5000i,500n,10000p,200000b,50000s
{/
usr/local/texlive/2012/texmf-dist/fonts/enc/dvips/lm/lm-ec.enc}{/usr/local/texl
ive/2012/texmf-dist/fonts/enc/dvips/lm/lm-mathex.enc}{/usr/local/texlive/2012/t
exmf-dist/fonts/enc/dvips/lm/lm-ts1.enc}{/usr/local/texlive/2012/texmf-dist/fon
ts/enc/dvips/lm/lm-mathit.enc}{/usr/local/texlive/2012/texmf-dist/fonts/enc/dvi
ps/lm/lm-rm.enc}{/usr/local/texlive/2012/texmf-dist/fonts/enc/dvips/lm/lm-maths
y.enc}</usr/local/texlive/2012/texmf-dist/fonts/type1/public/lm/lmbx12.pfb></us
r/local/texlive/2012/texmf-dist/fonts/type1/public/lm/lmcsc10.pfb></usr/local/t
exlive/2012/texmf-dist/fonts/type1/public/lm/lmex10.pfb></usr/local/texlive/201
2/texmf-dist/fonts/type1/public/lm/lmmi10.pfb></usr/local/texlive/2012/texmf-di
st/fonts/type1/public/lm/lmmi12.pfb></usr/local/texlive/2012/texmf-dist/fonts/t
ype1/public/lm/lmmi8.pfb></usr/local/texlive/2012/texmf-dist/fonts/type1/public
/lm/lmr10.pfb></usr/local/texlive/2012/texmf-dist/fonts/type1/public/lm/lmr12.p
fb></usr/local/texlive/2012/texmf-dist/fonts/type1/public/lm/lmr17.pfb></usr/lo
cal/texlive/2012/texmf-dist/fonts/type1/public/lm/lmr7.pfb></usr/local/texlive/
2012/texmf-dist/fonts/type1/public/lm/lmr8.pfb></usr/local/texlive/2012/texmf-d
ist/fonts/type1/public/lm/lmri12.pfb></usr/local/texlive/2012/texmf-dist/fonts/
type1/public/lm/lmssbx10.pfb></usr/local/texlive/2012/texmf-dist/fonts/type1/pu
blic/lm/lmsy10.pfb></usr/local/texlive/2012/texmf-dist/fonts/type1/public/lm/lm
sy8.pfb></usr/local/texlive/2012/texmf-dist/fonts/type1/public/lm/lmtt12.pfb>
Output written on ToddBodnar-Dissertation.pdf (113 pages, 10472859 bytes).
PDF statistics:
 719 PDF objects out of 1000 (max. 8388607)
 463 compressed objects within 5 object streams
 0 named destinations out of 1000 (max. 500000)
 29410 words of extra memory for PDF output out of 29859 (max. 10000000)

