\BOOKMARK [1][-]{section.1}{Administrative Information}{}% 1
\BOOKMARK [1][-]{section.2}{Current \046 Achieved Goals}{}% 2
\BOOKMARK [2][-]{subsection.2.1}{Support Vector Machines \046 Naive Bayes Classifiers}{section.2}% 3
\BOOKMARK [2][-]{subsection.2.2}{C4.5 \046 meta-classifiers}{section.2}% 4
\BOOKMARK [2][-]{subsection.2.3}{Explorative Data Analysis}{section.2}% 5
\BOOKMARK [2][-]{subsection.2.4}{Define Fine-Grained Goals - Done}{section.2}% 6
\BOOKMARK [2][-]{subsection.2.5}{Define General Goals - Done}{section.2}% 7
\BOOKMARK [2][-]{subsection.2.6}{Theoretical Background - Done}{section.2}% 8
\BOOKMARK [1][-]{section.3}{Updates \046 Meetings}{}% 9
\BOOKMARK [2][-]{subsection.3.1}{2016.07.20 - Progress Report}{section.3}% 10
\BOOKMARK [3][-]{subsubsection.3.1.1}{Exploratory Analysis of Twitter Data}{subsection.3.1}% 11
\BOOKMARK [3][-]{subsubsection.3.1.2}{Exploratory Analysis of Twitter Data - Code }{subsection.3.1}% 12
\BOOKMARK [2][-]{subsection.3.2}{2016.05.23 - Progress Report}{section.3}% 13
\BOOKMARK [3][-]{subsubsection.3.2.1}{Remarks on Todd Bodnar's Dissertation}{subsection.3.2}% 14
\BOOKMARK [2][-]{subsection.3.3}{2016.03.20 - Progress Report}{section.3}% 15
\BOOKMARK [3][-]{subsubsection.3.3.1}{Theory}{subsection.3.3}% 16
\BOOKMARK [3][-]{subsubsection.3.3.2}{Courses}{subsection.3.3}% 17
\BOOKMARK [3][-]{subsubsection.3.3.3}{Questions, Remarks \046 Goals}{subsection.3.3}% 18
\BOOKMARK [3][-]{subsubsection.3.3.4}{Next Steps \(by Sunday, April 10th\)}{subsection.3.3}% 19
\BOOKMARK [2][-]{subsection.3.4}{2016.02.04 - Skype Meeting}{section.3}% 20
